PARTIAL (100)
NARROW PARTIAL ONE FREE WHITE (30.1331)
NARROW PARTIAL ONE FREE (30.1331)
NARROW PARTIAL ONE WHITE (30.1331)
NARROW PARTIAL ONE (30.1331)
NARROW PARTIAL FREE WHITE (30.1331)
NARROW PARTIAL FREE (30.1331)
NARROW PARTIAL WHITE (30.1331)
NARROW PARTIAL (30.1331)
NARROW ONE FREE WHITE (30.1331)
NARROW ONE FREE (30.1331)
NARROW ONE WHITE (30.1331)
NARROW ONE (30.1331)
NARROW FREE WHITE (30.1331)
NARROW FREE (30.1331)
NARROW WHITE (30.1331)
NARROW (30.1331)
BUFF PARTIAL CLOSE (31.654)
BUFF PARTIAL (31.654)
BUFF CLOSE (31.654)
BUFF (31.654)
BUFF ONE PARTIAL CLOSE (30.7985)
BUFF ONE PARTIAL (30.7985)
BUFF ONE CLOSE (30.7985)
BUFF ONE (30.7985)
BUFF ONE FREE PARTIAL CLOSE WHITE (30.2281)
BUFF ONE FREE PARTIAL CLOSE (30.2281)
BUFF ONE FREE PARTIAL WHITE (30.2281)
BUFF ONE FREE PARTIAL (30.2281)
BUFF ONE FREE CLOSE WHITE (30.2281)
BUFF ONE FREE CLOSE (30.2281)
BUFF ONE FREE WHITE (30.2281)
BUFF ONE FREE (30.2281)
BUFF ONE WHITE PARTIAL CLOSE (30.2281)
BUFF ONE WHITE PARTIAL (30.2281)
BUFF ONE WHITE CLOSE (30.2281)
BUFF ONE WHITE (30.2281)
BUFF FREE PARTIAL CLOSE WHITE (31.0837)
BUFF FREE PARTIAL CLOSE (31.0837)
BUFF FREE PARTIAL WHITE (31.0837)
BUFF FREE PARTIAL (31.0837)
BUFF FREE CLOSE WHITE (31.0837)
BUFF FREE CLOSE (31.0837)
BUFF FREE WHITE (31.0837)
BUFF FREE (31.0837)
BUFF WHITE PARTIAL CLOSE (31.0837)
BUFF WHITE PARTIAL (31.0837)
BUFF WHITE CLOSE (31.0837)
BUFF WHITE (31.0837)
SILKY PARTIAL NO WHITE (34.3156)
SILKY PARTIAL NO (34.3156)
SILKY PARTIAL WHITE (34.3156)
SILKY PARTIAL (34.3156)
SILKY NO WHITE (34.3156)
SILKY NO (34.3156)
SILKY WHITE (34.3156)
SILKY (34.3156)
SILKY CLOSE PARTIAL NO WHITE (31.749)
SILKY CLOSE PARTIAL NO (31.749)
SILKY CLOSE PARTIAL WHITE (31.749)
SILKY CLOSE PARTIAL (31.749)
SILKY CLOSE NO WHITE (31.749)
SILKY CLOSE NO (31.749)
SILKY CLOSE WHITE (31.749)
SILKY CLOSE (31.749)
SILKY CLOSE ONE PARTIAL NO WHITE FREE (31.1787)
SILKY CLOSE ONE PARTIAL NO WHITE (31.1787)
SILKY CLOSE ONE PARTIAL NO FREE (31.1787)
SILKY CLOSE ONE PARTIAL NO (31.1787)
SILKY CLOSE ONE PARTIAL WHITE FREE (31.1787)
SILKY CLOSE ONE PARTIAL WHITE (31.1787)
SILKY CLOSE ONE PARTIAL FREE (31.1787)
SILKY CLOSE ONE PARTIAL (31.1787)
SILKY CLOSE ONE NO WHITE FREE (31.1787)
SILKY CLOSE ONE NO WHITE (31.1787)
SILKY CLOSE ONE NO FREE (31.1787)
SILKY CLOSE ONE NO (31.1787)
SILKY CLOSE ONE WHITE FREE (31.1787)
SILKY CLOSE ONE WHITE (31.1787)
SILKY CLOSE ONE FREE (31.1787)
SILKY CLOSE ONE (31.1787)
SILKY CLOSE FREE PARTIAL NO WHITE (31.4639)
SILKY CLOSE FREE PARTIAL NO (31.4639)
SILKY CLOSE FREE PARTIAL WHITE (31.4639)
SILKY CLOSE FREE PARTIAL (31.4639)
SILKY CLOSE FREE NO WHITE (31.4639)
SILKY CLOSE FREE NO (31.4639)
SILKY CLOSE FREE WHITE (31.4639)
SILKY CLOSE FREE (31.4639)
SILKY ONE PARTIAL NO WHITE FREE (31.1787)
SILKY ONE PARTIAL NO WHITE (31.1787)
SILKY ONE PARTIAL NO FREE (31.1787)
SILKY ONE PARTIAL NO (31.1787)
SILKY ONE PARTIAL WHITE FREE (31.1787)
SILKY ONE PARTIAL WHITE (31.1787)
SILKY ONE PARTIAL FREE (31.1787)
SILKY ONE PARTIAL (31.1787)
SILKY ONE NO WHITE FREE (31.1787)
SILKY ONE NO WHITE (31.1787)
SILKY ONE NO FREE (31.1787)
SILKY ONE NO (31.1787)
SILKY ONE WHITE FREE (31.1787)
SILKY ONE WHITE (31.1787)
SILKY ONE FREE (31.1787)
SILKY ONE (31.1787)
SILKY FREE PARTIAL NO WHITE (34.0304)
SILKY FREE PARTIAL NO (34.0304)
SILKY FREE PARTIAL WHITE (34.0304)
SILKY FREE PARTIAL (34.0304)
SILKY FREE NO WHITE (34.0304)
SILKY FREE NO (34.0304)
SILKY FREE WHITE (34.0304)
SILKY FREE (34.0304)
EVANESCENT PARTIAL FREE WHITE (36.3118)
EVANESCENT PARTIAL FREE (36.3118)
EVANESCENT PARTIAL WHITE (36.3118)
EVANESCENT PARTIAL (36.3118)
EVANESCENT FREE WHITE (36.3118)
EVANESCENT FREE (36.3118)
EVANESCENT WHITE (36.3118)
EVANESCENT (36.3118)
EVANESCENT TAPERING PARTIAL FREE WHITE NO ONE (32.6996)
EVANESCENT TAPERING PARTIAL FREE WHITE NO (32.6996)
EVANESCENT TAPERING PARTIAL FREE WHITE ONE (32.6996)
EVANESCENT TAPERING PARTIAL FREE WHITE (32.6996)
EVANESCENT TAPERING PARTIAL FREE NO ONE (32.6996)
EVANESCENT TAPERING PARTIAL FREE NO (32.6996)
EVANESCENT TAPERING PARTIAL FREE ONE (32.6996)
EVANESCENT TAPERING PARTIAL FREE (32.6996)
EVANESCENT TAPERING PARTIAL WHITE NO ONE (32.6996)
EVANESCENT TAPERING PARTIAL WHITE NO (32.6996)
EVANESCENT TAPERING PARTIAL WHITE ONE (32.6996)
EVANESCENT TAPERING PARTIAL WHITE (32.6996)
EVANESCENT TAPERING PARTIAL NO ONE (32.6996)
EVANESCENT TAPERING PARTIAL NO (32.6996)
EVANESCENT TAPERING PARTIAL ONE (32.6996)
EVANESCENT TAPERING PARTIAL (32.6996)
EVANESCENT TAPERING FREE WHITE NO ONE (32.6996)
EVANESCENT TAPERING FREE WHITE NO (32.6996)
EVANESCENT TAPERING FREE WHITE ONE (32.6996)
EVANESCENT TAPERING FREE WHITE (32.6996)
EVANESCENT TAPERING FREE NO ONE (32.6996)
EVANESCENT TAPERING FREE NO (32.6996)
EVANESCENT TAPERING FREE ONE (32.6996)
EVANESCENT TAPERING FREE (32.6996)
EVANESCENT TAPERING WHITE NO ONE (32.6996)
EVANESCENT TAPERING WHITE NO (32.6996)
EVANESCENT TAPERING WHITE ONE (32.6996)
EVANESCENT TAPERING WHITE (32.6996)
EVANESCENT TAPERING NO ONE (32.6996)
EVANESCENT TAPERING NO (32.6996)
EVANESCENT TAPERING ONE (32.6996)
EVANESCENT TAPERING (32.6996)
EVANESCENT NO PARTIAL FREE WHITE ONE (34.0304)
EVANESCENT NO PARTIAL FREE WHITE (34.0304)
EVANESCENT NO PARTIAL FREE ONE (34.0304)
EVANESCENT NO PARTIAL FREE (34.0304)
EVANESCENT NO PARTIAL WHITE ONE (34.0304)
EVANESCENT NO PARTIAL WHITE (34.0304)
EVANESCENT NO PARTIAL ONE (34.0304)
EVANESCENT NO PARTIAL (34.0304)
EVANESCENT NO FREE WHITE ONE (34.0304)
EVANESCENT NO FREE WHITE (34.0304)
EVANESCENT NO FREE ONE (34.0304)
EVANESCENT NO FREE (34.0304)
EVANESCENT NO WHITE ONE (34.0304)
EVANESCENT NO WHITE (34.0304)
EVANESCENT NO ONE (34.0304)
EVANESCENT NO (34.0304)
EVANESCENT SMOOTH PARTIAL FREE WHITE (31.5352)
EVANESCENT SMOOTH PARTIAL FREE (31.5352)
EVANESCENT SMOOTH PARTIAL WHITE (31.5352)
EVANESCENT SMOOTH PARTIAL (31.5352)
EVANESCENT SMOOTH FREE WHITE (31.5352)
EVANESCENT SMOOTH FREE (31.5352)
EVANESCENT SMOOTH WHITE (31.5352)
EVANESCENT SMOOTH (31.5352)
EVANESCENT ONE PARTIAL FREE WHITE (34.0304)
EVANESCENT ONE PARTIAL FREE (34.0304)
EVANESCENT ONE PARTIAL WHITE (34.0304)
EVANESCENT ONE PARTIAL (34.0304)
EVANESCENT ONE FREE WHITE (34.0304)
EVANESCENT ONE FREE (34.0304)
EVANESCENT ONE WHITE (34.0304)
EVANESCENT ONE (34.0304)
FIBROUS PARTIAL FREE WHITE (37.2505)
FIBROUS PARTIAL FREE (37.2505)
FIBROUS PARTIAL WHITE (37.2505)
FIBROUS PARTIAL (37.2505)
FIBROUS FREE WHITE (37.2505)
FIBROUS FREE (37.2505)
FIBROUS WHITE (37.2505)
FIBROUS (37.2505)
FIBROUS BROAD PARTIAL FREE WHITE (32.8897)
FIBROUS BROAD PARTIAL FREE (32.8897)
FIBROUS BROAD PARTIAL WHITE (32.8897)
FIBROUS BROAD PARTIAL (32.8897)
FIBROUS BROAD FREE WHITE (32.8897)
FIBROUS BROAD FREE (32.8897)
FIBROUS BROAD WHITE (32.8897)
FIBROUS BROAD (32.8897)
FIBROUS BROAD ONE PARTIAL FREE WHITE (31.1787)
FIBROUS BROAD ONE PARTIAL FREE (31.1787)
FIBROUS BROAD ONE PARTIAL WHITE (31.1787)
FIBROUS BROAD ONE PARTIAL (31.1787)
FIBROUS BROAD ONE FREE WHITE (31.1787)
FIBROUS BROAD ONE FREE (31.1787)
FIBROUS BROAD ONE WHITE (31.1787)
FIBROUS BROAD ONE (31.1787)
FIBROUS ONE PARTIAL FREE WHITE (35.5394)
FIBROUS ONE PARTIAL FREE (35.5394)
FIBROUS ONE PARTIAL WHITE (35.5394)
FIBROUS ONE PARTIAL (35.5394)
FIBROUS ONE FREE WHITE (35.5394)
FIBROUS ONE FREE (35.5394)
FIBROUS ONE WHITE (35.5394)
FIBROUS ONE (35.5394)
WOODS PARTIAL WHITE (37.5475)
WOODS PARTIAL (37.5475)
WOODS WHITE (37.5475)
WOODS (37.5475)
WOODS SMOOTH PARTIAL WHITE FREE (30.5608)
WOODS SMOOTH PARTIAL WHITE (30.5608)
WOODS SMOOTH PARTIAL FREE (30.5608)
WOODS SMOOTH PARTIAL (30.5608)
WOODS SMOOTH WHITE FREE (30.5608)
WOODS SMOOTH WHITE (30.5608)
WOODS SMOOTH FREE (30.5608)
WOODS SMOOTH (30.5608)
WOODS SMOOTH ONE PARTIAL WHITE FREE (30.5133)
WOODS SMOOTH ONE PARTIAL WHITE (30.5133)
WOODS SMOOTH ONE PARTIAL FREE (30.5133)
WOODS SMOOTH ONE PARTIAL (30.5133)
WOODS SMOOTH ONE WHITE FREE (30.5133)
WOODS SMOOTH ONE WHITE (30.5133)
WOODS SMOOTH ONE FREE (30.5133)
WOODS SMOOTH ONE (30.5133)
WOODS CLOSE PARTIAL WHITE (35.2662)
WOODS CLOSE PARTIAL (35.2662)
WOODS CLOSE WHITE (35.2662)
WOODS CLOSE (35.2662)
WOODS CLOSE ONE PARTIAL WHITE FREE (34.6008)
WOODS CLOSE ONE PARTIAL WHITE (34.6008)
WOODS CLOSE ONE PARTIAL FREE (34.6008)
WOODS CLOSE ONE PARTIAL (34.6008)
WOODS CLOSE ONE WHITE FREE (34.6008)
WOODS CLOSE ONE WHITE (34.6008)
WOODS CLOSE ONE FREE (34.6008)
WOODS CLOSE ONE (34.6008)
WOODS CLOSE FREE PARTIAL WHITE (34.981)
WOODS CLOSE FREE PARTIAL (34.981)
WOODS CLOSE FREE WHITE (34.981)
WOODS CLOSE FREE (34.981)
WOODS ONE PARTIAL WHITE FREE (36.8821)
WOODS ONE PARTIAL WHITE (36.8821)
WOODS ONE PARTIAL FREE (36.8821)
WOODS ONE PARTIAL (36.8821)
WOODS ONE WHITE FREE (36.8821)
WOODS ONE WHITE (36.8821)
WOODS ONE FREE (36.8821)
WOODS ONE (36.8821)
WOODS FREE PARTIAL WHITE (37.2624)
WOODS FREE PARTIAL (37.2624)
WOODS FREE WHITE (37.2624)
WOODS FREE (37.2624)
GRAY PARTIAL FREE WHITE (37.9753)
GRAY PARTIAL FREE (37.9753)
GRAY PARTIAL WHITE (37.9753)
GRAY PARTIAL (37.9753)
GRAY FREE WHITE (37.9753)
GRAY FREE (37.9753)
GRAY WHITE (37.9753)
GRAY (37.9753)
GRAY BROAD PARTIAL FREE WHITE (36.1217)
GRAY BROAD PARTIAL FREE (36.1217)
GRAY BROAD PARTIAL WHITE (36.1217)
GRAY BROAD PARTIAL (36.1217)
GRAY BROAD FREE WHITE (36.1217)
GRAY BROAD FREE (36.1217)
GRAY BROAD WHITE (36.1217)
GRAY BROAD (36.1217)
GRAY BROAD ONE PARTIAL FREE WHITE (33.4601)
GRAY BROAD ONE PARTIAL FREE (33.4601)
GRAY BROAD ONE PARTIAL WHITE (33.4601)
GRAY BROAD ONE PARTIAL (33.4601)
GRAY BROAD ONE FREE WHITE (33.4601)
GRAY BROAD ONE FREE (33.4601)
GRAY BROAD ONE WHITE (33.4601)
GRAY BROAD ONE (33.4601)
GRAY ONE PARTIAL FREE WHITE (35.3137)
GRAY ONE PARTIAL FREE (35.3137)
GRAY ONE PARTIAL WHITE (35.3137)
GRAY ONE PARTIAL (35.3137)
GRAY ONE FREE WHITE (35.3137)
GRAY ONE FREE (35.3137)
GRAY ONE WHITE (35.3137)
GRAY ONE (35.3137)
FLAT PARTIAL (39.116)
FLAT (39.116)
FLAT CLOSE PARTIAL (32.1293)
FLAT CLOSE (32.1293)
FLAT CLOSE ONE PARTIAL (30.5133)
FLAT CLOSE ONE (30.5133)
FLAT CLOSE FREE PARTIAL WHITE (31.4639)
FLAT CLOSE FREE PARTIAL (31.4639)
FLAT CLOSE FREE WHITE (31.4639)
FLAT CLOSE FREE (31.4639)
FLAT CLOSE WHITE PARTIAL (31.5589)
FLAT CLOSE WHITE (31.5589)
FLAT ONE PARTIAL (37.5)
FLAT ONE (37.5)
FLAT ONE FREE PARTIAL WHITE (36.9297)
FLAT ONE FREE PARTIAL (36.9297)
FLAT ONE FREE WHITE (36.9297)
FLAT ONE FREE (36.9297)
FLAT ONE WHITE PARTIAL (36.9297)
FLAT ONE WHITE (36.9297)
FLAT FREE PARTIAL WHITE (38.4506)
FLAT FREE PARTIAL (38.4506)
FLAT FREE WHITE (38.4506)
FLAT FREE (38.4506)
FLAT WHITE PARTIAL (38.5456)
FLAT WHITE (38.5456)
BRUISES PARTIAL SMOOTH FREE WHITE (40.1141)
BRUISES PARTIAL SMOOTH FREE (40.1141)
BRUISES PARTIAL SMOOTH WHITE (40.1141)
BRUISES PARTIAL SMOOTH (40.1141)
BRUISES PARTIAL FREE WHITE (40.1141)
BRUISES PARTIAL FREE (40.1141)
BRUISES PARTIAL WHITE (40.1141)
BRUISES PARTIAL (40.1141)
BRUISES SMOOTH FREE WHITE (40.1141)
BRUISES SMOOTH FREE (40.1141)
BRUISES SMOOTH WHITE (40.1141)
BRUISES SMOOTH (40.1141)
BRUISES FREE WHITE (40.1141)
BRUISES FREE (40.1141)
BRUISES WHITE (40.1141)
BRUISES (40.1141)
BRUISES PENDANT PARTIAL SMOOTH FREE WHITE (37.8327)
BRUISES PENDANT PARTIAL SMOOTH FREE (37.8327)
BRUISES PENDANT PARTIAL SMOOTH WHITE (37.8327)
BRUISES PENDANT PARTIAL SMOOTH (37.8327)
BRUISES PENDANT PARTIAL FREE WHITE (37.8327)
BRUISES PENDANT PARTIAL FREE (37.8327)
BRUISES PENDANT PARTIAL WHITE (37.8327)
BRUISES PENDANT PARTIAL (37.8327)
BRUISES PENDANT SMOOTH FREE WHITE (37.8327)
BRUISES PENDANT SMOOTH FREE (37.8327)
BRUISES PENDANT SMOOTH WHITE (37.8327)
BRUISES PENDANT SMOOTH (37.8327)
BRUISES PENDANT FREE WHITE (37.8327)
BRUISES PENDANT FREE (37.8327)
BRUISES PENDANT WHITE (37.8327)
BRUISES PENDANT (37.8327)
BRUISES PENDANT BROAD PARTIAL SMOOTH FREE WHITE CLOSE (33.5551)
BRUISES PENDANT BROAD PARTIAL SMOOTH FREE WHITE (33.5551)
BRUISES PENDANT BROAD PARTIAL SMOOTH FREE CLOSE (33.5551)
BRUISES PENDANT BROAD PARTIAL SMOOTH FREE (33.5551)
BRUISES PENDANT BROAD PARTIAL SMOOTH WHITE CLOSE (33.5551)
BRUISES PENDANT BROAD PARTIAL SMOOTH WHITE (33.5551)
BRUISES PENDANT BROAD PARTIAL SMOOTH CLOSE (33.5551)
BRUISES PENDANT BROAD PARTIAL SMOOTH (33.5551)
BRUISES PENDANT BROAD PARTIAL FREE WHITE CLOSE (33.5551)
BRUISES PENDANT BROAD PARTIAL FREE WHITE (33.5551)
BRUISES PENDANT BROAD PARTIAL FREE CLOSE (33.5551)
BRUISES PENDANT BROAD PARTIAL FREE (33.5551)
BRUISES PENDANT BROAD PARTIAL WHITE CLOSE (33.5551)
BRUISES PENDANT BROAD PARTIAL WHITE (33.5551)
BRUISES PENDANT BROAD PARTIAL CLOSE (33.5551)
BRUISES PENDANT BROAD PARTIAL (33.5551)
BRUISES PENDANT BROAD SMOOTH FREE WHITE CLOSE (33.5551)
BRUISES PENDANT BROAD SMOOTH FREE WHITE (33.5551)
BRUISES PENDANT BROAD SMOOTH FREE CLOSE (33.5551)
BRUISES PENDANT BROAD SMOOTH FREE (33.5551)
BRUISES PENDANT BROAD SMOOTH WHITE CLOSE (33.5551)
BRUISES PENDANT BROAD SMOOTH WHITE (33.5551)
BRUISES PENDANT BROAD SMOOTH CLOSE (33.5551)
BRUISES PENDANT BROAD SMOOTH (33.5551)
BRUISES PENDANT BROAD FREE WHITE CLOSE (33.5551)
BRUISES PENDANT BROAD FREE WHITE (33.5551)
BRUISES PENDANT BROAD FREE CLOSE (33.5551)
BRUISES PENDANT BROAD FREE (33.5551)
BRUISES PENDANT BROAD WHITE CLOSE (33.5551)
BRUISES PENDANT BROAD WHITE (33.5551)
BRUISES PENDANT BROAD CLOSE (33.5551)
BRUISES PENDANT BROAD (33.5551)
BRUISES PENDANT BROAD ONE PARTIAL SMOOTH FREE WHITE CLOSE (32.3194)
BRUISES PENDANT BROAD ONE PARTIAL SMOOTH FREE WHITE (32.3194)
BRUISES PENDANT BROAD ONE PARTIAL SMOOTH FREE CLOSE (32.3194)
BRUISES PENDANT BROAD ONE PARTIAL SMOOTH FREE (32.3194)
BRUISES PENDANT BROAD ONE PARTIAL SMOOTH WHITE CLOSE (32.3194)
BRUISES PENDANT BROAD ONE PARTIAL SMOOTH WHITE (32.3194)
BRUISES PENDANT BROAD ONE PARTIAL SMOOTH CLOSE (32.3194)
BRUISES PENDANT BROAD ONE PARTIAL SMOOTH (32.3194)
BRUISES PENDANT BROAD ONE PARTIAL FREE WHITE CLOSE (32.3194)
BRUISES PENDANT BROAD ONE PARTIAL FREE WHITE (32.3194)
BRUISES PENDANT BROAD ONE PARTIAL FREE CLOSE (32.3194)
BRUISES PENDANT BROAD ONE PARTIAL FREE (32.3194)
BRUISES PENDANT BROAD ONE PARTIAL WHITE CLOSE (32.3194)
BRUISES PENDANT BROAD ONE PARTIAL WHITE (32.3194)
BRUISES PENDANT BROAD ONE PARTIAL CLOSE (32.3194)
BRUISES PENDANT BROAD ONE PARTIAL (32.3194)
BRUISES PENDANT BROAD ONE SMOOTH FREE WHITE CLOSE (32.3194)
BRUISES PENDANT BROAD ONE SMOOTH FREE WHITE (32.3194)
BRUISES PENDANT BROAD ONE SMOOTH FREE CLOSE (32.3194)
BRUISES PENDANT BROAD ONE SMOOTH FREE (32.3194)
BRUISES PENDANT BROAD ONE SMOOTH WHITE CLOSE (32.3194)
BRUISES PENDANT BROAD ONE SMOOTH WHITE (32.3194)
BRUISES PENDANT BROAD ONE SMOOTH CLOSE (32.3194)
BRUISES PENDANT BROAD ONE SMOOTH (32.3194)
BRUISES PENDANT BROAD ONE FREE WHITE CLOSE (32.3194)
BRUISES PENDANT BROAD ONE FREE WHITE (32.3194)
BRUISES PENDANT BROAD ONE FREE CLOSE (32.3194)
BRUISES PENDANT BROAD ONE FREE (32.3194)
BRUISES PENDANT BROAD ONE WHITE CLOSE (32.3194)
BRUISES PENDANT BROAD ONE WHITE (32.3194)
BRUISES PENDANT BROAD ONE CLOSE (32.3194)
BRUISES PENDANT BROAD ONE (32.3194)
BRUISES PENDANT CLOSE PARTIAL SMOOTH FREE WHITE (36.597)
BRUISES PENDANT CLOSE PARTIAL SMOOTH FREE (36.597)
BRUISES PENDANT CLOSE PARTIAL SMOOTH WHITE (36.597)
BRUISES PENDANT CLOSE PARTIAL SMOOTH (36.597)
BRUISES PENDANT CLOSE PARTIAL FREE WHITE (36.597)
BRUISES PENDANT CLOSE PARTIAL FREE (36.597)
BRUISES PENDANT CLOSE PARTIAL WHITE (36.597)
BRUISES PENDANT CLOSE PARTIAL (36.597)
BRUISES PENDANT CLOSE SMOOTH FREE WHITE (36.597)
BRUISES PENDANT CLOSE SMOOTH FREE (36.597)
BRUISES PENDANT CLOSE SMOOTH WHITE (36.597)
BRUISES PENDANT CLOSE SMOOTH (36.597)
BRUISES PENDANT CLOSE FREE WHITE (36.597)
BRUISES PENDANT CLOSE FREE (36.597)
BRUISES PENDANT CLOSE WHITE (36.597)
BRUISES PENDANT CLOSE (36.597)
BRUISES PENDANT CLOSE ONE PARTIAL SMOOTH FREE WHITE (35.3612)
BRUISES PENDANT CLOSE ONE PARTIAL SMOOTH FREE (35.3612)
BRUISES PENDANT CLOSE ONE PARTIAL SMOOTH WHITE (35.3612)
BRUISES PENDANT CLOSE ONE PARTIAL SMOOTH (35.3612)
BRUISES PENDANT CLOSE ONE PARTIAL FREE WHITE (35.3612)
BRUISES PENDANT CLOSE ONE PARTIAL FREE (35.3612)
BRUISES PENDANT CLOSE ONE PARTIAL WHITE (35.3612)
BRUISES PENDANT CLOSE ONE PARTIAL (35.3612)
BRUISES PENDANT CLOSE ONE SMOOTH FREE WHITE (35.3612)
BRUISES PENDANT CLOSE ONE SMOOTH FREE (35.3612)
BRUISES PENDANT CLOSE ONE SMOOTH WHITE (35.3612)
BRUISES PENDANT CLOSE ONE SMOOTH (35.3612)
BRUISES PENDANT CLOSE ONE FREE WHITE (35.3612)
BRUISES PENDANT CLOSE ONE FREE (35.3612)
BRUISES PENDANT CLOSE ONE WHITE (35.3612)
BRUISES PENDANT CLOSE ONE (35.3612)
BRUISES PENDANT ONE PARTIAL SMOOTH FREE WHITE (36.597)
BRUISES PENDANT ONE PARTIAL SMOOTH FREE (36.597)
BRUISES PENDANT ONE PARTIAL SMOOTH WHITE (36.597)
BRUISES PENDANT ONE PARTIAL SMOOTH (36.597)
BRUISES PENDANT ONE PARTIAL FREE WHITE (36.597)
BRUISES PENDANT ONE PARTIAL FREE (36.597)
BRUISES PENDANT ONE PARTIAL WHITE (36.597)
BRUISES PENDANT ONE PARTIAL (36.597)
BRUISES PENDANT ONE SMOOTH FREE WHITE (36.597)
BRUISES PENDANT ONE SMOOTH FREE (36.597)
BRUISES PENDANT ONE SMOOTH WHITE (36.597)
BRUISES PENDANT ONE SMOOTH (36.597)
BRUISES PENDANT ONE FREE WHITE (36.597)
BRUISES PENDANT ONE FREE (36.597)
BRUISES PENDANT ONE WHITE (36.597)
BRUISES PENDANT ONE (36.597)
BRUISES BROAD PARTIAL SMOOTH FREE WHITE CLOSE (35.8365)
BRUISES BROAD PARTIAL SMOOTH FREE WHITE (35.8365)
BRUISES BROAD PARTIAL SMOOTH FREE CLOSE (35.8365)
BRUISES BROAD PARTIAL SMOOTH FREE (35.8365)
BRUISES BROAD PARTIAL SMOOTH WHITE CLOSE (35.8365)
BRUISES BROAD PARTIAL SMOOTH WHITE (35.8365)
BRUISES BROAD PARTIAL SMOOTH CLOSE (35.8365)
BRUISES BROAD PARTIAL SMOOTH (35.8365)
BRUISES BROAD PARTIAL FREE WHITE CLOSE (35.8365)
BRUISES BROAD PARTIAL FREE WHITE (35.8365)
BRUISES BROAD PARTIAL FREE CLOSE (35.8365)
BRUISES BROAD PARTIAL FREE (35.8365)
BRUISES BROAD PARTIAL WHITE CLOSE (35.8365)
BRUISES BROAD PARTIAL WHITE (35.8365)
BRUISES BROAD PARTIAL CLOSE (35.8365)
BRUISES BROAD PARTIAL (35.8365)
BRUISES BROAD SMOOTH FREE WHITE CLOSE (35.8365)
BRUISES BROAD SMOOTH FREE WHITE (35.8365)
BRUISES BROAD SMOOTH FREE CLOSE (35.8365)
BRUISES BROAD SMOOTH FREE (35.8365)
BRUISES BROAD SMOOTH WHITE CLOSE (35.8365)
BRUISES BROAD SMOOTH WHITE (35.8365)
BRUISES BROAD SMOOTH CLOSE (35.8365)
BRUISES BROAD SMOOTH (35.8365)
BRUISES BROAD FREE WHITE CLOSE (35.8365)
BRUISES BROAD FREE WHITE (35.8365)
BRUISES BROAD FREE CLOSE (35.8365)
BRUISES BROAD FREE (35.8365)
BRUISES BROAD WHITE CLOSE (35.8365)
BRUISES BROAD WHITE (35.8365)
BRUISES BROAD CLOSE (35.8365)
BRUISES BROAD (35.8365)
BRUISES BROAD ONE PARTIAL SMOOTH FREE WHITE CLOSE (32.3194)
BRUISES BROAD ONE PARTIAL SMOOTH FREE WHITE (32.3194)
BRUISES BROAD ONE PARTIAL SMOOTH FREE CLOSE (32.3194)
BRUISES BROAD ONE PARTIAL SMOOTH FREE (32.3194)
BRUISES BROAD ONE PARTIAL SMOOTH WHITE CLOSE (32.3194)
BRUISES BROAD ONE PARTIAL SMOOTH WHITE (32.3194)
BRUISES BROAD ONE PARTIAL SMOOTH CLOSE (32.3194)
BRUISES BROAD ONE PARTIAL SMOOTH (32.3194)
BRUISES BROAD ONE PARTIAL FREE WHITE CLOSE (32.3194)
BRUISES BROAD ONE PARTIAL FREE WHITE (32.3194)
BRUISES BROAD ONE PARTIAL FREE CLOSE (32.3194)
BRUISES BROAD ONE PARTIAL FREE (32.3194)
BRUISES BROAD ONE PARTIAL WHITE CLOSE (32.3194)
BRUISES BROAD ONE PARTIAL WHITE (32.3194)
BRUISES BROAD ONE PARTIAL CLOSE (32.3194)
BRUISES BROAD ONE PARTIAL (32.3194)
BRUISES BROAD ONE SMOOTH FREE WHITE CLOSE (32.3194)
BRUISES BROAD ONE SMOOTH FREE WHITE (32.3194)
BRUISES BROAD ONE SMOOTH FREE CLOSE (32.3194)
BRUISES BROAD ONE SMOOTH FREE (32.3194)
BRUISES BROAD ONE SMOOTH WHITE CLOSE (32.3194)
BRUISES BROAD ONE SMOOTH WHITE (32.3194)
BRUISES BROAD ONE SMOOTH CLOSE (32.3194)
BRUISES BROAD ONE SMOOTH (32.3194)
BRUISES BROAD ONE FREE WHITE CLOSE (32.3194)
BRUISES BROAD ONE FREE WHITE (32.3194)
BRUISES BROAD ONE FREE CLOSE (32.3194)
BRUISES BROAD ONE FREE (32.3194)
BRUISES BROAD ONE WHITE CLOSE (32.3194)
BRUISES BROAD ONE WHITE (32.3194)
BRUISES BROAD ONE CLOSE (32.3194)
BRUISES BROAD ONE (32.3194)
BRUISES CLOSE PARTIAL SMOOTH FREE WHITE (38.8783)
BRUISES CLOSE PARTIAL SMOOTH FREE (38.8783)
BRUISES CLOSE PARTIAL SMOOTH WHITE (38.8783)
BRUISES CLOSE PARTIAL SMOOTH (38.8783)
BRUISES CLOSE PARTIAL FREE WHITE (38.8783)
BRUISES CLOSE PARTIAL FREE (38.8783)
BRUISES CLOSE PARTIAL WHITE (38.8783)
BRUISES CLOSE PARTIAL (38.8783)
BRUISES CLOSE SMOOTH FREE WHITE (38.8783)
BRUISES CLOSE SMOOTH FREE (38.8783)
BRUISES CLOSE SMOOTH WHITE (38.8783)
BRUISES CLOSE SMOOTH (38.8783)
BRUISES CLOSE FREE WHITE (38.8783)
BRUISES CLOSE FREE (38.8783)
BRUISES CLOSE WHITE (38.8783)
BRUISES CLOSE (38.8783)
BRUISES CLOSE ONE PARTIAL SMOOTH FREE WHITE (35.3612)
BRUISES CLOSE ONE PARTIAL SMOOTH FREE (35.3612)
BRUISES CLOSE ONE PARTIAL SMOOTH WHITE (35.3612)
BRUISES CLOSE ONE PARTIAL SMOOTH (35.3612)
BRUISES CLOSE ONE PARTIAL FREE WHITE (35.3612)
BRUISES CLOSE ONE PARTIAL FREE (35.3612)
BRUISES CLOSE ONE PARTIAL WHITE (35.3612)
BRUISES CLOSE ONE PARTIAL (35.3612)
BRUISES CLOSE ONE SMOOTH FREE WHITE (35.3612)
BRUISES CLOSE ONE SMOOTH FREE (35.3612)
BRUISES CLOSE ONE SMOOTH WHITE (35.3612)
BRUISES CLOSE ONE SMOOTH (35.3612)
BRUISES CLOSE ONE FREE WHITE (35.3612)
BRUISES CLOSE ONE FREE (35.3612)
BRUISES CLOSE ONE WHITE (35.3612)
BRUISES CLOSE ONE (35.3612)
BRUISES ONE PARTIAL SMOOTH FREE WHITE (36.597)
BRUISES ONE PARTIAL SMOOTH FREE (36.597)
BRUISES ONE PARTIAL SMOOTH WHITE (36.597)
BRUISES ONE PARTIAL SMOOTH (36.597)
BRUISES ONE PARTIAL FREE WHITE (36.597)
BRUISES ONE PARTIAL FREE (36.597)
BRUISES ONE PARTIAL WHITE (36.597)
BRUISES ONE PARTIAL (36.597)
BRUISES ONE SMOOTH FREE WHITE (36.597)
BRUISES ONE SMOOTH FREE (36.597)
BRUISES ONE SMOOTH WHITE (36.597)
BRUISES ONE SMOOTH (36.597)
BRUISES ONE FREE WHITE (36.597)
BRUISES ONE FREE (36.597)
BRUISES ONE WHITE (36.597)
BRUISES ONE (36.597)
SCALY PARTIAL WHITE (39.116)
SCALY PARTIAL (39.116)
SCALY WHITE (39.116)
SCALY (39.116)
SCALY CLOSE PARTIAL WHITE (38.5456)
SCALY CLOSE PARTIAL (38.5456)
SCALY CLOSE WHITE (38.5456)
SCALY CLOSE (38.5456)
SCALY CLOSE ONE PARTIAL WHITE FREE (36.0266)
SCALY CLOSE ONE PARTIAL WHITE (36.0266)
SCALY CLOSE ONE PARTIAL FREE (36.0266)
SCALY CLOSE ONE PARTIAL (36.0266)
SCALY CLOSE ONE WHITE FREE (36.0266)
SCALY CLOSE ONE WHITE (36.0266)
SCALY CLOSE ONE FREE (36.0266)
SCALY CLOSE ONE (36.0266)
SCALY CLOSE FREE PARTIAL WHITE (38.2605)
SCALY CLOSE FREE PARTIAL (38.2605)
SCALY CLOSE FREE WHITE (38.2605)
SCALY CLOSE FREE (38.2605)
SCALY ONE PARTIAL WHITE FREE (36.597)
SCALY ONE PARTIAL WHITE (36.597)
SCALY ONE PARTIAL FREE (36.597)
SCALY ONE PARTIAL (36.597)
SCALY ONE WHITE FREE (36.597)
SCALY ONE WHITE (36.597)
SCALY ONE FREE (36.597)
SCALY ONE (36.597)
SCALY FREE PARTIAL WHITE (38.8308)
SCALY FREE PARTIAL (38.8308)
SCALY FREE WHITE (38.8308)
SCALY FREE (38.8308)
ENLARGING PARTIAL (42.2053)
ENLARGING (42.2053)
ENLARGING BROAD PARTIAL (33.7452)
ENLARGING BROAD (33.7452)
ENLARGING BROAD CLOSE PARTIAL (30.3232)
ENLARGING BROAD CLOSE (30.3232)
ENLARGING BROAD FREE PARTIAL WHITE (31.1787)
ENLARGING BROAD FREE PARTIAL (31.1787)
ENLARGING BROAD FREE WHITE (31.1787)
ENLARGING BROAD FREE (31.1787)
ENLARGING BROAD WHITE PARTIAL (31.4639)
ENLARGING BROAD WHITE (31.4639)
ENLARGING CLOSE PARTIAL (36.597)
ENLARGING CLOSE (36.597)
ENLARGING CLOSE ONE PARTIAL (32.3194)
ENLARGING CLOSE ONE (32.3194)
ENLARGING CLOSE ONE FREE PARTIAL WHITE (30.038)
ENLARGING CLOSE ONE FREE PARTIAL (30.038)
ENLARGING CLOSE ONE FREE WHITE (30.038)
ENLARGING CLOSE ONE FREE (30.038)
ENLARGING CLOSE ONE WHITE PARTIAL (30.038)
ENLARGING CLOSE ONE WHITE (30.038)
ENLARGING CLOSE FREE PARTIAL WHITE (34.0304)
ENLARGING CLOSE FREE PARTIAL (34.0304)
ENLARGING CLOSE FREE WHITE (34.0304)
ENLARGING CLOSE FREE (34.0304)
ENLARGING CLOSE WHITE PARTIAL (34.3156)
ENLARGING CLOSE WHITE (34.3156)
ENLARGING ONE PARTIAL (34.5057)
ENLARGING ONE (34.5057)
ENLARGING ONE FREE PARTIAL WHITE (32.2243)
ENLARGING ONE FREE PARTIAL (32.2243)
ENLARGING ONE FREE WHITE (32.2243)
ENLARGING ONE FREE (32.2243)
ENLARGING ONE WHITE PARTIAL (32.2243)
ENLARGING ONE WHITE (32.2243)
ENLARGING FREE PARTIAL WHITE (39.6388)
ENLARGING FREE PARTIAL (39.6388)
ENLARGING FREE WHITE (39.6388)
ENLARGING FREE (39.6388)
ENLARGING WHITE PARTIAL (39.924)
ENLARGING WHITE (39.924)
CONVEX PARTIAL (45.1046)
CONVEX (45.1046)
CONVEX BROAD PARTIAL (32.8422)
CONVEX BROAD (32.8422)
CONVEX BROAD ONE PARTIAL (30.5133)
CONVEX BROAD ONE (30.5133)
CONVEX BROAD FREE PARTIAL WHITE (32.1768)
CONVEX BROAD FREE PARTIAL (32.1768)
CONVEX BROAD FREE WHITE (32.1768)
CONVEX BROAD FREE (32.1768)
CONVEX BROAD WHITE PARTIAL (32.2719)
CONVEX BROAD WHITE (32.2719)
CONVEX SMOOTH PARTIAL (35.2662)
CONVEX SMOOTH (35.2662)
CONVEX SMOOTH ONE PARTIAL (33.2937)
CONVEX SMOOTH ONE (33.2937)
CONVEX SMOOTH ONE FREE PARTIAL WHITE (32.7234)
CONVEX SMOOTH ONE FREE PARTIAL (32.7234)
CONVEX SMOOTH ONE FREE WHITE (32.7234)
CONVEX SMOOTH ONE FREE (32.7234)
CONVEX SMOOTH ONE WHITE PARTIAL (32.7234)
CONVEX SMOOTH ONE WHITE (32.7234)
CONVEX SMOOTH FREE PARTIAL WHITE (34.6958)
CONVEX SMOOTH FREE PARTIAL (34.6958)
CONVEX SMOOTH FREE WHITE (34.6958)
CONVEX SMOOTH FREE (34.6958)
CONVEX SMOOTH WHITE PARTIAL (34.6958)
CONVEX SMOOTH WHITE (34.6958)
CONVEX CLOSE PARTIAL (35.884)
CONVEX CLOSE (35.884)
CONVEX CLOSE ONE PARTIAL (34.6958)
CONVEX CLOSE ONE (34.6958)
CONVEX CLOSE ONE FREE PARTIAL WHITE (34.1255)
CONVEX CLOSE ONE FREE PARTIAL (34.1255)
CONVEX CLOSE ONE FREE WHITE (34.1255)
CONVEX CLOSE ONE FREE (34.1255)
CONVEX CLOSE ONE WHITE PARTIAL (34.1255)
CONVEX CLOSE ONE WHITE (34.1255)
CONVEX CLOSE FREE PARTIAL WHITE (35.2186)
CONVEX CLOSE FREE PARTIAL (35.2186)
CONVEX CLOSE FREE WHITE (35.2186)
CONVEX CLOSE FREE (35.2186)
CONVEX CLOSE WHITE PARTIAL (35.3137)
CONVEX CLOSE WHITE (35.3137)
CONVEX ONE PARTIAL (42.7757)
CONVEX ONE (42.7757)
CONVEX ONE FREE PARTIAL WHITE (42.2053)
CONVEX ONE FREE PARTIAL (42.2053)
CONVEX ONE FREE WHITE (42.2053)
CONVEX ONE FREE (42.2053)
CONVEX ONE WHITE PARTIAL (42.2053)
CONVEX ONE WHITE (42.2053)
CONVEX FREE PARTIAL WHITE (44.4392)
CONVEX FREE PARTIAL (44.4392)
CONVEX FREE WHITE (44.4392)
CONVEX FREE (44.4392)
CONVEX WHITE PARTIAL (44.5342)
CONVEX WHITE (44.5342)
NONE PARTIAL (45.8175)
NONE (45.8175)
NONE TAPERING PARTIAL BROAD ONE FREE WHITE (32.6996)
NONE TAPERING PARTIAL BROAD ONE FREE (32.6996)
NONE TAPERING PARTIAL BROAD ONE WHITE (32.6996)
NONE TAPERING PARTIAL BROAD ONE (32.6996)
NONE TAPERING PARTIAL BROAD FREE WHITE (32.6996)
NONE TAPERING PARTIAL BROAD FREE (32.6996)
NONE TAPERING PARTIAL BROAD WHITE (32.6996)
NONE TAPERING PARTIAL BROAD (32.6996)
NONE TAPERING PARTIAL ONE FREE WHITE (32.6996)
NONE TAPERING PARTIAL ONE FREE (32.6996)
NONE TAPERING PARTIAL ONE WHITE (32.6996)
NONE TAPERING PARTIAL ONE (32.6996)
NONE TAPERING PARTIAL FREE WHITE (32.6996)
NONE TAPERING PARTIAL FREE (32.6996)
NONE TAPERING PARTIAL WHITE (32.6996)
NONE TAPERING PARTIAL (32.6996)
NONE TAPERING BROAD ONE FREE WHITE (32.6996)
NONE TAPERING BROAD ONE FREE (32.6996)
NONE TAPERING BROAD ONE WHITE (32.6996)
NONE TAPERING BROAD ONE (32.6996)
NONE TAPERING BROAD FREE WHITE (32.6996)
NONE TAPERING BROAD FREE (32.6996)
NONE TAPERING BROAD WHITE (32.6996)
NONE TAPERING BROAD (32.6996)
NONE TAPERING ONE FREE WHITE (32.6996)
NONE TAPERING ONE FREE (32.6996)
NONE TAPERING ONE WHITE (32.6996)
NONE TAPERING ONE (32.6996)
NONE TAPERING FREE WHITE (32.6996)
NONE TAPERING FREE (32.6996)
NONE TAPERING WHITE (32.6996)
NONE TAPERING (32.6996)
NONE TAPERING SMOOTH PARTIAL BROAD ONE FREE WHITE (31.1787)
NONE TAPERING SMOOTH PARTIAL BROAD ONE FREE (31.1787)
NONE TAPERING SMOOTH PARTIAL BROAD ONE WHITE (31.1787)
NONE TAPERING SMOOTH PARTIAL BROAD ONE (31.1787)
NONE TAPERING SMOOTH PARTIAL BROAD FREE WHITE (31.1787)
NONE TAPERING SMOOTH PARTIAL BROAD FREE (31.1787)
NONE TAPERING SMOOTH PARTIAL BROAD WHITE (31.1787)
NONE TAPERING SMOOTH PARTIAL BROAD (31.1787)
NONE TAPERING SMOOTH PARTIAL ONE FREE WHITE (31.1787)
NONE TAPERING SMOOTH PARTIAL ONE FREE (31.1787)
NONE TAPERING SMOOTH PARTIAL ONE WHITE (31.1787)
NONE TAPERING SMOOTH PARTIAL ONE (31.1787)
NONE TAPERING SMOOTH PARTIAL FREE WHITE (31.1787)
NONE TAPERING SMOOTH PARTIAL FREE (31.1787)
NONE TAPERING SMOOTH PARTIAL WHITE (31.1787)
NONE TAPERING SMOOTH PARTIAL (31.1787)
NONE TAPERING SMOOTH BROAD ONE FREE WHITE (31.1787)
NONE TAPERING SMOOTH BROAD ONE FREE (31.1787)
NONE TAPERING SMOOTH BROAD ONE WHITE (31.1787)
NONE TAPERING SMOOTH BROAD ONE (31.1787)
NONE TAPERING SMOOTH BROAD FREE WHITE (31.1787)
NONE TAPERING SMOOTH BROAD FREE (31.1787)
NONE TAPERING SMOOTH BROAD WHITE (31.1787)
NONE TAPERING SMOOTH BROAD (31.1787)
NONE TAPERING SMOOTH ONE FREE WHITE (31.1787)
NONE TAPERING SMOOTH ONE FREE (31.1787)
NONE TAPERING SMOOTH ONE WHITE (31.1787)
NONE TAPERING SMOOTH ONE (31.1787)
NONE TAPERING SMOOTH FREE WHITE (31.1787)
NONE TAPERING SMOOTH FREE (31.1787)
NONE TAPERING SMOOTH WHITE (31.1787)
NONE TAPERING SMOOTH (31.1787)
NONE BROAD PARTIAL (42.6806)
NONE BROAD (42.6806)
NONE BROAD SMOOTH PARTIAL (40.0665)
NONE BROAD SMOOTH (40.0665)
NONE BROAD SMOOTH ONE PARTIAL (33.4601)
NONE BROAD SMOOTH ONE (33.4601)
NONE BROAD SMOOTH ONE FREE PARTIAL WHITE (31.1787)
NONE BROAD SMOOTH ONE FREE PARTIAL (31.1787)
NONE BROAD SMOOTH ONE FREE WHITE (31.1787)
NONE BROAD SMOOTH ONE FREE (31.1787)
NONE BROAD SMOOTH ONE WHITE PARTIAL (31.1787)
NONE BROAD SMOOTH ONE WHITE (31.1787)
NONE BROAD SMOOTH FREE PARTIAL WHITE (37.7852)
NONE BROAD SMOOTH FREE PARTIAL (37.7852)
NONE BROAD SMOOTH FREE WHITE (37.7852)
NONE BROAD SMOOTH FREE (37.7852)
NONE BROAD SMOOTH WHITE PARTIAL (37.7852)
NONE BROAD SMOOTH WHITE (37.7852)
NONE BROAD ONE PARTIAL (34.981)
NONE BROAD ONE (34.981)
NONE BROAD ONE FREE PARTIAL WHITE (32.6996)
NONE BROAD ONE FREE PARTIAL (32.6996)
NONE BROAD ONE FREE WHITE (32.6996)
NONE BROAD ONE FREE (32.6996)
NONE BROAD ONE WHITE PARTIAL (32.6996)
NONE BROAD ONE WHITE (32.6996)
NONE BROAD FREE PARTIAL WHITE (40.1141)
NONE BROAD FREE PARTIAL (40.1141)
NONE BROAD FREE WHITE (40.1141)
NONE BROAD FREE (40.1141)
NONE BROAD WHITE PARTIAL (40.3992)
NONE BROAD WHITE (40.3992)
NONE SMOOTH PARTIAL (42.5143)
NONE SMOOTH (42.5143)
NONE SMOOTH ONE PARTIAL (35.9078)
NONE SMOOTH ONE (35.9078)
NONE SMOOTH ONE FREE PARTIAL WHITE (33.6264)
NONE SMOOTH ONE FREE PARTIAL (33.6264)
NONE SMOOTH ONE FREE WHITE (33.6264)
NONE SMOOTH ONE FREE (33.6264)
NONE SMOOTH ONE WHITE PARTIAL (33.6264)
NONE SMOOTH ONE WHITE (33.6264)
NONE SMOOTH FREE PARTIAL WHITE (40.2329)
NONE SMOOTH FREE PARTIAL (40.2329)
NONE SMOOTH FREE WHITE (40.2329)
NONE SMOOTH FREE (40.2329)
NONE SMOOTH WHITE PARTIAL (40.2329)
NONE SMOOTH WHITE (40.2329)
NONE ONE PARTIAL (38.1179)
NONE ONE (38.1179)
NONE ONE FREE PARTIAL WHITE (35.8365)
NONE ONE FREE PARTIAL (35.8365)
NONE ONE FREE WHITE (35.8365)
NONE ONE FREE (35.8365)
NONE ONE WHITE PARTIAL (35.8365)
NONE ONE WHITE (35.8365)
NONE FREE PARTIAL WHITE (43.251)
NONE FREE PARTIAL (43.251)
NONE FREE WHITE (43.251)
NONE FREE (43.251)
NONE WHITE PARTIAL (43.5361)
NONE WHITE (43.5361)
PENDANT PARTIAL (47.1483)
PENDANT (47.1483)
PENDANT BROAD PARTIAL (39.4487)
PENDANT BROAD (39.4487)
PENDANT BROAD SMOOTH PARTIAL (38.9259)
PENDANT BROAD SMOOTH (38.9259)
PENDANT BROAD SMOOTH CLOSE PARTIAL (35.9316)
PENDANT BROAD SMOOTH CLOSE (35.9316)
PENDANT BROAD SMOOTH CLOSE ONE PARTIAL (34.6008)
PENDANT BROAD SMOOTH CLOSE ONE (34.6008)
PENDANT BROAD SMOOTH CLOSE ONE FREE PARTIAL WHITE (32.3194)
PENDANT BROAD SMOOTH CLOSE ONE FREE PARTIAL (32.3194)
PENDANT BROAD SMOOTH CLOSE ONE FREE WHITE (32.3194)
PENDANT BROAD SMOOTH CLOSE ONE FREE (32.3194)
PENDANT BROAD SMOOTH CLOSE ONE WHITE PARTIAL (32.3194)
PENDANT BROAD SMOOTH CLOSE ONE WHITE (32.3194)
PENDANT BROAD SMOOTH CLOSE FREE PARTIAL WHITE (33.6502)
PENDANT BROAD SMOOTH CLOSE FREE PARTIAL (33.6502)
PENDANT BROAD SMOOTH CLOSE FREE WHITE (33.6502)
PENDANT BROAD SMOOTH CLOSE FREE (33.6502)
PENDANT BROAD SMOOTH CLOSE WHITE PARTIAL (33.6502)
PENDANT BROAD SMOOTH CLOSE WHITE (33.6502)
PENDANT BROAD SMOOTH ONE PARTIAL (34.6008)
PENDANT BROAD SMOOTH ONE (34.6008)
PENDANT BROAD SMOOTH ONE FREE PARTIAL WHITE (32.3194)
PENDANT BROAD SMOOTH ONE FREE PARTIAL (32.3194)
PENDANT BROAD SMOOTH ONE FREE WHITE (32.3194)
PENDANT BROAD SMOOTH ONE FREE (32.3194)
PENDANT BROAD SMOOTH ONE WHITE PARTIAL (32.3194)
PENDANT BROAD SMOOTH ONE WHITE (32.3194)
PENDANT BROAD SMOOTH FREE PARTIAL WHITE (36.6445)
PENDANT BROAD SMOOTH FREE PARTIAL (36.6445)
PENDANT BROAD SMOOTH FREE WHITE (36.6445)
PENDANT BROAD SMOOTH FREE (36.6445)
PENDANT BROAD SMOOTH WHITE PARTIAL (36.6445)
PENDANT BROAD SMOOTH WHITE (36.6445)
PENDANT BROAD CLOSE PARTIAL (36.0266)
PENDANT BROAD CLOSE (36.0266)
PENDANT BROAD CLOSE ONE PARTIAL (34.6008)
PENDANT BROAD CLOSE ONE (34.6008)
PENDANT BROAD CLOSE ONE FREE PARTIAL WHITE (32.3194)
PENDANT BROAD CLOSE ONE FREE PARTIAL (32.3194)
PENDANT BROAD CLOSE ONE FREE WHITE (32.3194)
PENDANT BROAD CLOSE ONE FREE (32.3194)
PENDANT BROAD CLOSE ONE WHITE PARTIAL (32.3194)
PENDANT BROAD CLOSE ONE WHITE (32.3194)
PENDANT BROAD CLOSE FREE PARTIAL WHITE (33.7452)
PENDANT BROAD CLOSE FREE PARTIAL (33.7452)
PENDANT BROAD CLOSE FREE WHITE (33.7452)
PENDANT BROAD CLOSE FREE (33.7452)
PENDANT BROAD CLOSE WHITE PARTIAL (33.7452)
PENDANT BROAD CLOSE WHITE (33.7452)
PENDANT BROAD ONE PARTIAL (34.6008)
PENDANT BROAD ONE (34.6008)
PENDANT BROAD ONE FREE PARTIAL WHITE (32.3194)
PENDANT BROAD ONE FREE PARTIAL (32.3194)
PENDANT BROAD ONE FREE WHITE (32.3194)
PENDANT BROAD ONE FREE (32.3194)
PENDANT BROAD ONE WHITE PARTIAL (32.3194)
PENDANT BROAD ONE WHITE (32.3194)
PENDANT BROAD FREE PARTIAL WHITE (37.1673)
PENDANT BROAD FREE PARTIAL (37.1673)
PENDANT BROAD FREE WHITE (37.1673)
PENDANT BROAD FREE (37.1673)
PENDANT BROAD WHITE PARTIAL (37.1673)
PENDANT BROAD WHITE (37.1673)
PENDANT SMOOTH PARTIAL (46.6255)
PENDANT SMOOTH (46.6255)
PENDANT SMOOTH CLOSE PARTIAL (41.2548)
PENDANT SMOOTH CLOSE (41.2548)
PENDANT SMOOTH CLOSE ONE PARTIAL (39.924)
PENDANT SMOOTH CLOSE ONE (39.924)
PENDANT SMOOTH CLOSE ONE FREE PARTIAL WHITE (37.6426)
PENDANT SMOOTH CLOSE ONE FREE PARTIAL (37.6426)
PENDANT SMOOTH CLOSE ONE FREE WHITE (37.6426)
PENDANT SMOOTH CLOSE ONE FREE (37.6426)
PENDANT SMOOTH CLOSE ONE WHITE PARTIAL (37.6426)
PENDANT SMOOTH CLOSE ONE WHITE (37.6426)
PENDANT SMOOTH CLOSE FREE PARTIAL WHITE (38.9734)
PENDANT SMOOTH CLOSE FREE PARTIAL (38.9734)
PENDANT SMOOTH CLOSE FREE WHITE (38.9734)
PENDANT SMOOTH CLOSE FREE (38.9734)
PENDANT SMOOTH CLOSE WHITE PARTIAL (38.9734)
PENDANT SMOOTH CLOSE WHITE (38.9734)
PENDANT SMOOTH ONE PARTIAL (42.3004)
PENDANT SMOOTH ONE (42.3004)
PENDANT SMOOTH ONE FREE PARTIAL WHITE (40.019)
PENDANT SMOOTH ONE FREE PARTIAL (40.019)
PENDANT SMOOTH ONE FREE WHITE (40.019)
PENDANT SMOOTH ONE FREE (40.019)
PENDANT SMOOTH ONE WHITE PARTIAL (40.019)
PENDANT SMOOTH ONE WHITE (40.019)
PENDANT SMOOTH FREE PARTIAL WHITE (44.3441)
PENDANT SMOOTH FREE PARTIAL (44.3441)
PENDANT SMOOTH FREE WHITE (44.3441)
PENDANT SMOOTH FREE (44.3441)
PENDANT SMOOTH WHITE PARTIAL (44.3441)
PENDANT SMOOTH WHITE (44.3441)
PENDANT CLOSE PARTIAL (41.3498)
PENDANT CLOSE (41.3498)
PENDANT CLOSE ONE PARTIAL (39.924)
PENDANT CLOSE ONE (39.924)
PENDANT CLOSE ONE FREE PARTIAL WHITE (37.6426)
PENDANT CLOSE ONE FREE PARTIAL (37.6426)
PENDANT CLOSE ONE FREE WHITE (37.6426)
PENDANT CLOSE ONE FREE (37.6426)
PENDANT CLOSE ONE WHITE PARTIAL (37.6426)
PENDANT CLOSE ONE WHITE (37.6426)
PENDANT CLOSE FREE PARTIAL WHITE (39.0684)
PENDANT CLOSE FREE PARTIAL (39.0684)
PENDANT CLOSE FREE WHITE (39.0684)
PENDANT CLOSE FREE (39.0684)
PENDANT CLOSE WHITE PARTIAL (39.0684)
PENDANT CLOSE WHITE (39.0684)
PENDANT ONE PARTIAL (42.3004)
PENDANT ONE (42.3004)
PENDANT ONE FREE PARTIAL WHITE (40.019)
PENDANT ONE FREE PARTIAL (40.019)
PENDANT ONE FREE WHITE (40.019)
PENDANT ONE FREE (40.019)
PENDANT ONE WHITE PARTIAL (40.019)
PENDANT ONE WHITE (40.019)
PENDANT FREE PARTIAL WHITE (44.8669)
PENDANT FREE PARTIAL (44.8669)
PENDANT FREE WHITE (44.8669)
PENDANT FREE (44.8669)
PENDANT WHITE PARTIAL (44.8669)
PENDANT WHITE (44.8669)
BULBOUS PARTIAL FREE WHITE (45.1521)
BULBOUS PARTIAL FREE (45.1521)
BULBOUS PARTIAL WHITE (45.1521)
BULBOUS PARTIAL (45.1521)
BULBOUS FREE WHITE (45.1521)
BULBOUS FREE (45.1521)
BULBOUS WHITE (45.1521)
BULBOUS (45.1521)
BULBOUS BROAD PARTIAL FREE WHITE CLOSE (40.7795)
BULBOUS BROAD PARTIAL FREE WHITE (40.7795)
BULBOUS BROAD PARTIAL FREE CLOSE (40.7795)
BULBOUS BROAD PARTIAL FREE (40.7795)
BULBOUS BROAD PARTIAL WHITE CLOSE (40.7795)
BULBOUS BROAD PARTIAL WHITE (40.7795)
BULBOUS BROAD PARTIAL CLOSE (40.7795)
BULBOUS BROAD PARTIAL (40.7795)
BULBOUS BROAD FREE WHITE CLOSE (40.7795)
BULBOUS BROAD FREE WHITE (40.7795)
BULBOUS BROAD FREE CLOSE (40.7795)
BULBOUS BROAD FREE (40.7795)
BULBOUS BROAD WHITE CLOSE (40.7795)
BULBOUS BROAD WHITE (40.7795)
BULBOUS BROAD CLOSE (40.7795)
BULBOUS BROAD (40.7795)
BULBOUS BROAD ONE PARTIAL FREE WHITE CLOSE (39.3536)
BULBOUS BROAD ONE PARTIAL FREE WHITE (39.3536)
BULBOUS BROAD ONE PARTIAL FREE CLOSE (39.3536)
BULBOUS BROAD ONE PARTIAL FREE (39.3536)
BULBOUS BROAD ONE PARTIAL WHITE CLOSE (39.3536)
BULBOUS BROAD ONE PARTIAL WHITE (39.3536)
BULBOUS BROAD ONE PARTIAL CLOSE (39.3536)
BULBOUS BROAD ONE PARTIAL (39.3536)
BULBOUS BROAD ONE FREE WHITE CLOSE (39.3536)
BULBOUS BROAD ONE FREE WHITE (39.3536)
BULBOUS BROAD ONE FREE CLOSE (39.3536)
BULBOUS BROAD ONE FREE (39.3536)
BULBOUS BROAD ONE WHITE CLOSE (39.3536)
BULBOUS BROAD ONE WHITE (39.3536)
BULBOUS BROAD ONE CLOSE (39.3536)
BULBOUS BROAD ONE (39.3536)
BULBOUS CLOSE PARTIAL FREE WHITE (41.9202)
BULBOUS CLOSE PARTIAL FREE (41.9202)
BULBOUS CLOSE PARTIAL WHITE (41.9202)
BULBOUS CLOSE PARTIAL (41.9202)
BULBOUS CLOSE FREE WHITE (41.9202)
BULBOUS CLOSE FREE (41.9202)
BULBOUS CLOSE WHITE (41.9202)
BULBOUS CLOSE (41.9202)
BULBOUS CLOSE ONE PARTIAL FREE WHITE (40.4943)
BULBOUS CLOSE ONE PARTIAL FREE (40.4943)
BULBOUS CLOSE ONE PARTIAL WHITE (40.4943)
BULBOUS CLOSE ONE PARTIAL (40.4943)
BULBOUS CLOSE ONE FREE WHITE (40.4943)
BULBOUS CLOSE ONE FREE (40.4943)
BULBOUS CLOSE ONE WHITE (40.4943)
BULBOUS CLOSE ONE (40.4943)
BULBOUS ONE PARTIAL FREE WHITE (43.7262)
BULBOUS ONE PARTIAL FREE (43.7262)
BULBOUS ONE PARTIAL WHITE (43.7262)
BULBOUS ONE PARTIAL (43.7262)
BULBOUS ONE FREE WHITE (43.7262)
BULBOUS ONE FREE (43.7262)
BULBOUS ONE WHITE (43.7262)
BULBOUS ONE (43.7262)
SEVERAL PARTIAL (48.289)
SEVERAL (48.289)
SEVERAL PINK PARTIAL FREE WHITE (30.1093)
SEVERAL PINK PARTIAL FREE (30.1093)
SEVERAL PINK PARTIAL WHITE (30.1093)
SEVERAL PINK PARTIAL (30.1093)
SEVERAL PINK FREE WHITE (30.1093)
SEVERAL PINK FREE (30.1093)
SEVERAL PINK WHITE (30.1093)
SEVERAL PINK (30.1093)
SEVERAL TAPERING PARTIAL ONE FREE WHITE (33.6502)
SEVERAL TAPERING PARTIAL ONE FREE (33.6502)
SEVERAL TAPERING PARTIAL ONE WHITE (33.6502)
SEVERAL TAPERING PARTIAL ONE (33.6502)
SEVERAL TAPERING PARTIAL FREE WHITE (33.6502)
SEVERAL TAPERING PARTIAL FREE (33.6502)
SEVERAL TAPERING PARTIAL WHITE (33.6502)
SEVERAL TAPERING PARTIAL (33.6502)
SEVERAL TAPERING ONE FREE WHITE (33.6502)
SEVERAL TAPERING ONE FREE (33.6502)
SEVERAL TAPERING ONE WHITE (33.6502)
SEVERAL TAPERING ONE (33.6502)
SEVERAL TAPERING FREE WHITE (33.6502)
SEVERAL TAPERING FREE (33.6502)
SEVERAL TAPERING WHITE (33.6502)
SEVERAL TAPERING (33.6502)
SEVERAL TAPERING SMOOTH PARTIAL ONE FREE WHITE (31.0837)
SEVERAL TAPERING SMOOTH PARTIAL ONE FREE (31.0837)
SEVERAL TAPERING SMOOTH PARTIAL ONE WHITE (31.0837)
SEVERAL TAPERING SMOOTH PARTIAL ONE (31.0837)
SEVERAL TAPERING SMOOTH PARTIAL FREE WHITE (31.0837)
SEVERAL TAPERING SMOOTH PARTIAL FREE (31.0837)
SEVERAL TAPERING SMOOTH PARTIAL WHITE (31.0837)
SEVERAL TAPERING SMOOTH PARTIAL (31.0837)
SEVERAL TAPERING SMOOTH ONE FREE WHITE (31.0837)
SEVERAL TAPERING SMOOTH ONE FREE (31.0837)
SEVERAL TAPERING SMOOTH ONE WHITE (31.0837)
SEVERAL TAPERING SMOOTH ONE (31.0837)
SEVERAL TAPERING SMOOTH FREE WHITE (31.0837)
SEVERAL TAPERING SMOOTH FREE (31.0837)
SEVERAL TAPERING SMOOTH WHITE (31.0837)
SEVERAL TAPERING SMOOTH (31.0837)
SEVERAL TAPERING CLOSE PARTIAL ONE FREE WHITE (32.5095)
SEVERAL TAPERING CLOSE PARTIAL ONE FREE (32.5095)
SEVERAL TAPERING CLOSE PARTIAL ONE WHITE (32.5095)
SEVERAL TAPERING CLOSE PARTIAL ONE (32.5095)
SEVERAL TAPERING CLOSE PARTIAL FREE WHITE (32.5095)
SEVERAL TAPERING CLOSE PARTIAL FREE (32.5095)
SEVERAL TAPERING CLOSE PARTIAL WHITE (32.5095)
SEVERAL TAPERING CLOSE PARTIAL (32.5095)
SEVERAL TAPERING CLOSE ONE FREE WHITE (32.5095)
SEVERAL TAPERING CLOSE ONE FREE (32.5095)
SEVERAL TAPERING CLOSE ONE WHITE (32.5095)
SEVERAL TAPERING CLOSE ONE (32.5095)
SEVERAL TAPERING CLOSE FREE WHITE (32.5095)
SEVERAL TAPERING CLOSE FREE (32.5095)
SEVERAL TAPERING CLOSE WHITE (32.5095)
SEVERAL TAPERING CLOSE (32.5095)
SEVERAL NO PARTIAL ONE (32.6046)
SEVERAL NO PARTIAL (32.6046)
SEVERAL NO ONE (32.6046)
SEVERAL NO (32.6046)
SEVERAL NO CLOSE PARTIAL ONE (31.1787)
SEVERAL NO CLOSE PARTIAL (31.1787)
SEVERAL NO CLOSE ONE (31.1787)
SEVERAL NO CLOSE (31.1787)
SEVERAL NO CLOSE FREE PARTIAL ONE WHITE (30.038)
SEVERAL NO CLOSE FREE PARTIAL ONE (30.038)
SEVERAL NO CLOSE FREE PARTIAL WHITE (30.038)
SEVERAL NO CLOSE FREE PARTIAL (30.038)
SEVERAL NO CLOSE FREE ONE WHITE (30.038)
SEVERAL NO CLOSE FREE ONE (30.038)
SEVERAL NO CLOSE FREE WHITE (30.038)
SEVERAL NO CLOSE FREE (30.038)
SEVERAL NO CLOSE WHITE PARTIAL ONE (30.038)
SEVERAL NO CLOSE WHITE PARTIAL (30.038)
SEVERAL NO CLOSE WHITE ONE (30.038)
SEVERAL NO CLOSE WHITE (30.038)
SEVERAL NO FREE PARTIAL ONE WHITE (31.4639)
SEVERAL NO FREE PARTIAL ONE (31.4639)
SEVERAL NO FREE PARTIAL WHITE (31.4639)
SEVERAL NO FREE PARTIAL (31.4639)
SEVERAL NO FREE ONE WHITE (31.4639)
SEVERAL NO FREE ONE (31.4639)
SEVERAL NO FREE WHITE (31.4639)
SEVERAL NO FREE (31.4639)
SEVERAL NO WHITE PARTIAL ONE (31.4639)
SEVERAL NO WHITE PARTIAL (31.4639)
SEVERAL NO WHITE ONE (31.4639)
SEVERAL NO WHITE (31.4639)
SEVERAL SMOOTH PARTIAL (37.4287)
SEVERAL SMOOTH (37.4287)
SEVERAL SMOOTH CLOSE PARTIAL (35.076)
SEVERAL SMOOTH CLOSE (35.076)
SEVERAL SMOOTH CLOSE ONE PARTIAL (34.0304)
SEVERAL SMOOTH CLOSE ONE (34.0304)
SEVERAL SMOOTH CLOSE ONE FREE PARTIAL WHITE (32.8897)
SEVERAL SMOOTH CLOSE ONE FREE PARTIAL (32.8897)
SEVERAL SMOOTH CLOSE ONE FREE WHITE (32.8897)
SEVERAL SMOOTH CLOSE ONE FREE (32.8897)
SEVERAL SMOOTH CLOSE ONE WHITE PARTIAL (32.8897)
SEVERAL SMOOTH CLOSE ONE WHITE (32.8897)
SEVERAL SMOOTH CLOSE FREE PARTIAL WHITE (33.9354)
SEVERAL SMOOTH CLOSE FREE PARTIAL (33.9354)
SEVERAL SMOOTH CLOSE FREE WHITE (33.9354)
SEVERAL SMOOTH CLOSE FREE (33.9354)
SEVERAL SMOOTH CLOSE WHITE PARTIAL (33.9354)
SEVERAL SMOOTH CLOSE WHITE (33.9354)
SEVERAL SMOOTH ONE PARTIAL (36.3831)
SEVERAL SMOOTH ONE (36.3831)
SEVERAL SMOOTH ONE FREE PARTIAL WHITE (35.2424)
SEVERAL SMOOTH ONE FREE PARTIAL (35.2424)
SEVERAL SMOOTH ONE FREE WHITE (35.2424)
SEVERAL SMOOTH ONE FREE (35.2424)
SEVERAL SMOOTH ONE WHITE PARTIAL (35.2424)
SEVERAL SMOOTH ONE WHITE (35.2424)
SEVERAL SMOOTH FREE PARTIAL WHITE (36.288)
SEVERAL SMOOTH FREE PARTIAL (36.288)
SEVERAL SMOOTH FREE WHITE (36.288)
SEVERAL SMOOTH FREE (36.288)
SEVERAL SMOOTH WHITE PARTIAL (36.288)
SEVERAL SMOOTH WHITE (36.288)
SEVERAL CLOSE PARTIAL (45.7224)
SEVERAL CLOSE (45.7224)
SEVERAL CLOSE ONE PARTIAL (44.6768)
SEVERAL CLOSE ONE (44.6768)
SEVERAL CLOSE ONE FREE PARTIAL WHITE (43.5361)
SEVERAL CLOSE ONE FREE PARTIAL (43.5361)
SEVERAL CLOSE ONE FREE WHITE (43.5361)
SEVERAL CLOSE ONE FREE (43.5361)
SEVERAL CLOSE ONE WHITE PARTIAL (43.5361)
SEVERAL CLOSE ONE WHITE (43.5361)
SEVERAL CLOSE FREE PARTIAL WHITE (44.5817)
SEVERAL CLOSE FREE PARTIAL (44.5817)
SEVERAL CLOSE FREE WHITE (44.5817)
SEVERAL CLOSE FREE (44.5817)
SEVERAL CLOSE WHITE PARTIAL (44.5817)
SEVERAL CLOSE WHITE (44.5817)
SEVERAL ONE PARTIAL (47.2433)
SEVERAL ONE (47.2433)
SEVERAL ONE FREE PARTIAL WHITE (46.1027)
SEVERAL ONE FREE PARTIAL (46.1027)
SEVERAL ONE FREE WHITE (46.1027)
SEVERAL ONE FREE (46.1027)
SEVERAL ONE WHITE PARTIAL (46.1027)
SEVERAL ONE WHITE (46.1027)
SEVERAL FREE PARTIAL WHITE (47.1483)
SEVERAL FREE PARTIAL (47.1483)
SEVERAL FREE WHITE (47.1483)
SEVERAL FREE (47.1483)
SEVERAL WHITE PARTIAL (47.1483)
SEVERAL WHITE (47.1483)
PINK PARTIAL FREE WHITE (49.6673)
PINK PARTIAL FREE (49.6673)
PINK PARTIAL WHITE (49.6673)
PINK PARTIAL (49.6673)
PINK FREE WHITE (49.6673)
PINK FREE (49.6673)
PINK WHITE (49.6673)
PINK (49.6673)
PINK TAPERING PARTIAL FREE WHITE ONE (33.6502)
PINK TAPERING PARTIAL FREE WHITE (33.6502)
PINK TAPERING PARTIAL FREE ONE (33.6502)
PINK TAPERING PARTIAL FREE (33.6502)
PINK TAPERING PARTIAL WHITE ONE (33.6502)
PINK TAPERING PARTIAL WHITE (33.6502)
PINK TAPERING PARTIAL ONE (33.6502)
PINK TAPERING PARTIAL (33.6502)
PINK TAPERING FREE WHITE ONE (33.6502)
PINK TAPERING FREE WHITE (33.6502)
PINK TAPERING FREE ONE (33.6502)
PINK TAPERING FREE (33.6502)
PINK TAPERING WHITE ONE (33.6502)
PINK TAPERING WHITE (33.6502)
PINK TAPERING ONE (33.6502)
PINK TAPERING (33.6502)
PINK TAPERING SMOOTH PARTIAL FREE WHITE ONE (31.3451)
PINK TAPERING SMOOTH PARTIAL FREE WHITE (31.3451)
PINK TAPERING SMOOTH PARTIAL FREE ONE (31.3451)
PINK TAPERING SMOOTH PARTIAL FREE (31.3451)
PINK TAPERING SMOOTH PARTIAL WHITE ONE (31.3451)
PINK TAPERING SMOOTH PARTIAL WHITE (31.3451)
PINK TAPERING SMOOTH PARTIAL ONE (31.3451)
PINK TAPERING SMOOTH PARTIAL (31.3451)
PINK TAPERING SMOOTH FREE WHITE ONE (31.3451)
PINK TAPERING SMOOTH FREE WHITE (31.3451)
PINK TAPERING SMOOTH FREE ONE (31.3451)
PINK TAPERING SMOOTH FREE (31.3451)
PINK TAPERING SMOOTH WHITE ONE (31.3451)
PINK TAPERING SMOOTH WHITE (31.3451)
PINK TAPERING SMOOTH ONE (31.3451)
PINK TAPERING SMOOTH (31.3451)
PINK TAPERING CLOSE PARTIAL FREE WHITE ONE (30.2281)
PINK TAPERING CLOSE PARTIAL FREE WHITE (30.2281)
PINK TAPERING CLOSE PARTIAL FREE ONE (30.2281)
PINK TAPERING CLOSE PARTIAL FREE (30.2281)
PINK TAPERING CLOSE PARTIAL WHITE ONE (30.2281)
PINK TAPERING CLOSE PARTIAL WHITE (30.2281)
PINK TAPERING CLOSE PARTIAL ONE (30.2281)
PINK TAPERING CLOSE PARTIAL (30.2281)
PINK TAPERING CLOSE FREE WHITE ONE (30.2281)
PINK TAPERING CLOSE FREE WHITE (30.2281)
PINK TAPERING CLOSE FREE ONE (30.2281)
PINK TAPERING CLOSE FREE (30.2281)
PINK TAPERING CLOSE WHITE ONE (30.2281)
PINK TAPERING CLOSE WHITE (30.2281)
PINK TAPERING CLOSE ONE (30.2281)
PINK TAPERING CLOSE (30.2281)
PINK NO PARTIAL FREE WHITE (31.9867)
PINK NO PARTIAL FREE (31.9867)
PINK NO PARTIAL WHITE (31.9867)
PINK NO PARTIAL (31.9867)
PINK NO FREE WHITE (31.9867)
PINK NO FREE (31.9867)
PINK NO WHITE (31.9867)
PINK NO (31.9867)
PINK NO ONE PARTIAL FREE WHITE (30.846)
PINK NO ONE PARTIAL FREE (30.846)
PINK NO ONE PARTIAL WHITE (30.846)
PINK NO ONE PARTIAL (30.846)
PINK NO ONE FREE WHITE (30.846)
PINK NO ONE FREE (30.846)
PINK NO ONE WHITE (30.846)
PINK NO ONE (30.846)
PINK BROAD PARTIAL FREE WHITE (31.5589)
PINK BROAD PARTIAL FREE (31.5589)
PINK BROAD PARTIAL WHITE (31.5589)
PINK BROAD PARTIAL (31.5589)
PINK BROAD FREE WHITE (31.5589)
PINK BROAD FREE (31.5589)
PINK BROAD WHITE (31.5589)
PINK BROAD (31.5589)
PINK SMOOTH PARTIAL FREE WHITE (36.3831)
PINK SMOOTH PARTIAL FREE (36.3831)
PINK SMOOTH PARTIAL WHITE (36.3831)
PINK SMOOTH PARTIAL (36.3831)
PINK SMOOTH FREE WHITE (36.3831)
PINK SMOOTH FREE (36.3831)
PINK SMOOTH WHITE (36.3831)
PINK SMOOTH (36.3831)
PINK SMOOTH CLOSE PARTIAL FREE WHITE (31.7728)
PINK SMOOTH CLOSE PARTIAL FREE (31.7728)
PINK SMOOTH CLOSE PARTIAL WHITE (31.7728)
PINK SMOOTH CLOSE PARTIAL (31.7728)
PINK SMOOTH CLOSE FREE WHITE (31.7728)
PINK SMOOTH CLOSE FREE (31.7728)
PINK SMOOTH CLOSE WHITE (31.7728)
PINK SMOOTH CLOSE (31.7728)
PINK SMOOTH CLOSE ONE PARTIAL FREE WHITE (30.8222)
PINK SMOOTH CLOSE ONE PARTIAL FREE (30.8222)
PINK SMOOTH CLOSE ONE PARTIAL WHITE (30.8222)
PINK SMOOTH CLOSE ONE PARTIAL (30.8222)
PINK SMOOTH CLOSE ONE FREE WHITE (30.8222)
PINK SMOOTH CLOSE ONE FREE (30.8222)
PINK SMOOTH CLOSE ONE WHITE (30.8222)
PINK SMOOTH CLOSE ONE (30.8222)
PINK SMOOTH ONE PARTIAL FREE WHITE (34.4344)
PINK SMOOTH ONE PARTIAL FREE (34.4344)
PINK SMOOTH ONE PARTIAL WHITE (34.4344)
PINK SMOOTH ONE PARTIAL (34.4344)
PINK SMOOTH ONE FREE WHITE (34.4344)
PINK SMOOTH ONE FREE (34.4344)
PINK SMOOTH ONE WHITE (34.4344)
PINK SMOOTH ONE (34.4344)
PINK CLOSE PARTIAL FREE WHITE (44.5342)
PINK CLOSE PARTIAL FREE (44.5342)
PINK CLOSE PARTIAL WHITE (44.5342)
PINK CLOSE PARTIAL (44.5342)
PINK CLOSE FREE WHITE (44.5342)
PINK CLOSE FREE (44.5342)
PINK CLOSE WHITE (44.5342)
PINK CLOSE (44.5342)
PINK CLOSE ONE PARTIAL FREE WHITE (43.5837)
PINK CLOSE ONE PARTIAL FREE (43.5837)
PINK CLOSE ONE PARTIAL WHITE (43.5837)
PINK CLOSE ONE PARTIAL (43.5837)
PINK CLOSE ONE FREE WHITE (43.5837)
PINK CLOSE ONE FREE (43.5837)
PINK CLOSE ONE WHITE (43.5837)
PINK CLOSE ONE (43.5837)
PINK ONE PARTIAL FREE WHITE (47.576)
PINK ONE PARTIAL FREE (47.576)
PINK ONE PARTIAL WHITE (47.576)
PINK ONE PARTIAL (47.576)
PINK ONE FREE WHITE (47.576)
PINK ONE FREE (47.576)
PINK ONE WHITE (47.576)
PINK ONE (47.576)
TAPERING PARTIAL ONE FREE WHITE (57.7947)
TAPERING PARTIAL ONE FREE (57.7947)
TAPERING PARTIAL ONE WHITE (57.7947)
TAPERING PARTIAL ONE (57.7947)
TAPERING PARTIAL FREE WHITE (57.7947)
TAPERING PARTIAL FREE (57.7947)
TAPERING PARTIAL WHITE (57.7947)
TAPERING PARTIAL (57.7947)
TAPERING ONE FREE WHITE (57.7947)
TAPERING ONE FREE (57.7947)
TAPERING ONE WHITE (57.7947)
TAPERING ONE (57.7947)
TAPERING FREE WHITE (57.7947)
TAPERING FREE (57.7947)
TAPERING WHITE (57.7947)
TAPERING (57.7947)
TAPERING BROWN PARTIAL ONE FREE WHITE (35.1711)
TAPERING BROWN PARTIAL ONE FREE (35.1711)
TAPERING BROWN PARTIAL ONE WHITE (35.1711)
TAPERING BROWN PARTIAL ONE (35.1711)
TAPERING BROWN PARTIAL FREE WHITE (35.1711)
TAPERING BROWN PARTIAL FREE (35.1711)
TAPERING BROWN PARTIAL WHITE (35.1711)
TAPERING BROWN PARTIAL (35.1711)
TAPERING BROWN ONE FREE WHITE (35.1711)
TAPERING BROWN ONE FREE (35.1711)
TAPERING BROWN ONE WHITE (35.1711)
TAPERING BROWN ONE (35.1711)
TAPERING BROWN FREE WHITE (35.1711)
TAPERING BROWN FREE (35.1711)
TAPERING BROWN WHITE (35.1711)
TAPERING BROWN (35.1711)
TAPERING BROWN SMOOTH PARTIAL ONE FREE WHITE (32.7947)
TAPERING BROWN SMOOTH PARTIAL ONE FREE (32.7947)
TAPERING BROWN SMOOTH PARTIAL ONE WHITE (32.7947)
TAPERING BROWN SMOOTH PARTIAL ONE (32.7947)
TAPERING BROWN SMOOTH PARTIAL FREE WHITE (32.7947)
TAPERING BROWN SMOOTH PARTIAL FREE (32.7947)
TAPERING BROWN SMOOTH PARTIAL WHITE (32.7947)
TAPERING BROWN SMOOTH PARTIAL (32.7947)
TAPERING BROWN SMOOTH ONE FREE WHITE (32.7947)
TAPERING BROWN SMOOTH ONE FREE (32.7947)
TAPERING BROWN SMOOTH ONE WHITE (32.7947)
TAPERING BROWN SMOOTH ONE (32.7947)
TAPERING BROWN SMOOTH FREE WHITE (32.7947)
TAPERING BROWN SMOOTH FREE (32.7947)
TAPERING BROWN SMOOTH WHITE (32.7947)
TAPERING BROWN SMOOTH (32.7947)
TAPERING NO PARTIAL ONE FREE WHITE (32.6996)
TAPERING NO PARTIAL ONE FREE (32.6996)
TAPERING NO PARTIAL ONE WHITE (32.6996)
TAPERING NO PARTIAL ONE (32.6996)
TAPERING NO PARTIAL FREE WHITE (32.6996)
TAPERING NO PARTIAL FREE (32.6996)
TAPERING NO PARTIAL WHITE (32.6996)
TAPERING NO PARTIAL (32.6996)
TAPERING NO ONE FREE WHITE (32.6996)
TAPERING NO ONE FREE (32.6996)
TAPERING NO ONE WHITE (32.6996)
TAPERING NO ONE (32.6996)
TAPERING NO FREE WHITE (32.6996)
TAPERING NO FREE (32.6996)
TAPERING NO WHITE (32.6996)
TAPERING NO (32.6996)
TAPERING BROAD PARTIAL ONE FREE WHITE (36.1217)
TAPERING BROAD PARTIAL ONE FREE (36.1217)
TAPERING BROAD PARTIAL ONE WHITE (36.1217)
TAPERING BROAD PARTIAL ONE (36.1217)
TAPERING BROAD PARTIAL FREE WHITE (36.1217)
TAPERING BROAD PARTIAL FREE (36.1217)
TAPERING BROAD PARTIAL WHITE (36.1217)
TAPERING BROAD PARTIAL (36.1217)
TAPERING BROAD ONE FREE WHITE (36.1217)
TAPERING BROAD ONE FREE (36.1217)
TAPERING BROAD ONE WHITE (36.1217)
TAPERING BROAD ONE (36.1217)
TAPERING BROAD FREE WHITE (36.1217)
TAPERING BROAD FREE (36.1217)
TAPERING BROAD WHITE (36.1217)
TAPERING BROAD (36.1217)
TAPERING BROAD SMOOTH PARTIAL ONE FREE WHITE (34.6008)
TAPERING BROAD SMOOTH PARTIAL ONE FREE (34.6008)
TAPERING BROAD SMOOTH PARTIAL ONE WHITE (34.6008)
TAPERING BROAD SMOOTH PARTIAL ONE (34.6008)
TAPERING BROAD SMOOTH PARTIAL FREE WHITE (34.6008)
TAPERING BROAD SMOOTH PARTIAL FREE (34.6008)
TAPERING BROAD SMOOTH PARTIAL WHITE (34.6008)
TAPERING BROAD SMOOTH PARTIAL (34.6008)
TAPERING BROAD SMOOTH ONE FREE WHITE (34.6008)
TAPERING BROAD SMOOTH ONE FREE (34.6008)
TAPERING BROAD SMOOTH ONE WHITE (34.6008)
TAPERING BROAD SMOOTH ONE (34.6008)
TAPERING BROAD SMOOTH FREE WHITE (34.6008)
TAPERING BROAD SMOOTH FREE (34.6008)
TAPERING BROAD SMOOTH WHITE (34.6008)
TAPERING BROAD SMOOTH (34.6008)
TAPERING SMOOTH PARTIAL ONE FREE WHITE (53.7072)
TAPERING SMOOTH PARTIAL ONE FREE (53.7072)
TAPERING SMOOTH PARTIAL ONE WHITE (53.7072)
TAPERING SMOOTH PARTIAL ONE (53.7072)
TAPERING SMOOTH PARTIAL FREE WHITE (53.7072)
TAPERING SMOOTH PARTIAL FREE (53.7072)
TAPERING SMOOTH PARTIAL WHITE (53.7072)
TAPERING SMOOTH PARTIAL (53.7072)
TAPERING SMOOTH ONE FREE WHITE (53.7072)
TAPERING SMOOTH ONE FREE (53.7072)
TAPERING SMOOTH ONE WHITE (53.7072)
TAPERING SMOOTH ONE (53.7072)
TAPERING SMOOTH FREE WHITE (53.7072)
TAPERING SMOOTH FREE (53.7072)
TAPERING SMOOTH WHITE (53.7072)
TAPERING SMOOTH (53.7072)
TAPERING SMOOTH CLOSE PARTIAL ONE FREE WHITE (41.9202)
TAPERING SMOOTH CLOSE PARTIAL ONE FREE (41.9202)
TAPERING SMOOTH CLOSE PARTIAL ONE WHITE (41.9202)
TAPERING SMOOTH CLOSE PARTIAL ONE (41.9202)
TAPERING SMOOTH CLOSE PARTIAL FREE WHITE (41.9202)
TAPERING SMOOTH CLOSE PARTIAL FREE (41.9202)
TAPERING SMOOTH CLOSE PARTIAL WHITE (41.9202)
TAPERING SMOOTH CLOSE PARTIAL (41.9202)
TAPERING SMOOTH CLOSE ONE FREE WHITE (41.9202)
TAPERING SMOOTH CLOSE ONE FREE (41.9202)
TAPERING SMOOTH CLOSE ONE WHITE (41.9202)
TAPERING SMOOTH CLOSE ONE (41.9202)
TAPERING SMOOTH CLOSE FREE WHITE (41.9202)
TAPERING SMOOTH CLOSE FREE (41.9202)
TAPERING SMOOTH CLOSE WHITE (41.9202)
TAPERING SMOOTH CLOSE (41.9202)
TAPERING CLOSE PARTIAL ONE FREE WHITE (44.4867)
TAPERING CLOSE PARTIAL ONE FREE (44.4867)
TAPERING CLOSE PARTIAL ONE WHITE (44.4867)
TAPERING CLOSE PARTIAL ONE (44.4867)
TAPERING CLOSE PARTIAL FREE WHITE (44.4867)
TAPERING CLOSE PARTIAL FREE (44.4867)
TAPERING CLOSE PARTIAL WHITE (44.4867)
TAPERING CLOSE PARTIAL (44.4867)
TAPERING CLOSE ONE FREE WHITE (44.4867)
TAPERING CLOSE ONE FREE (44.4867)
TAPERING CLOSE ONE WHITE (44.4867)
TAPERING CLOSE ONE (44.4867)
TAPERING CLOSE FREE WHITE (44.4867)
TAPERING CLOSE FREE (44.4867)
TAPERING CLOSE WHITE (44.4867)
TAPERING CLOSE (44.4867)
BROWN PARTIAL (58.8165)
BROWN (58.8165)
BROWN NO PARTIAL (33.8165)
BROWN NO (33.8165)
BROWN NO ONE PARTIAL (33.3413)
BROWN NO ONE (33.3413)
BROWN NO ONE FREE PARTIAL WHITE (31.0599)
BROWN NO ONE FREE PARTIAL (31.0599)
BROWN NO ONE FREE WHITE (31.0599)
BROWN NO ONE FREE (31.0599)
BROWN NO ONE WHITE PARTIAL (31.0599)
BROWN NO ONE WHITE (31.0599)
BROWN NO FREE PARTIAL WHITE (31.3926)
BROWN NO FREE PARTIAL (31.3926)
BROWN NO FREE WHITE (31.3926)
BROWN NO FREE (31.3926)
BROWN NO WHITE PARTIAL (31.5352)
BROWN NO WHITE (31.5352)
BROWN BROAD PARTIAL (41.8251)
BROWN BROAD (41.8251)
BROWN BROAD SMOOTH PARTIAL (31.7966)
BROWN BROAD SMOOTH (31.7966)
BROWN BROAD SMOOTH ONE PARTIAL (31.0361)
BROWN BROAD SMOOTH ONE (31.0361)
BROWN BROAD CLOSE PARTIAL (33.0798)
BROWN BROAD CLOSE (33.0798)
BROWN BROAD CLOSE ONE PARTIAL (31.9392)
BROWN BROAD CLOSE ONE (31.9392)
BROWN BROAD CLOSE FREE PARTIAL WHITE (30.6559)
BROWN BROAD CLOSE FREE PARTIAL (30.6559)
BROWN BROAD CLOSE FREE WHITE (30.6559)
BROWN BROAD CLOSE FREE (30.6559)
BROWN BROAD CLOSE WHITE PARTIAL (30.7985)
BROWN BROAD CLOSE WHITE (30.7985)
BROWN BROAD ONE PARTIAL (40.6844)
BROWN BROAD ONE (40.6844)
BROWN BROAD ONE FREE PARTIAL WHITE (38.403)
BROWN BROAD ONE FREE PARTIAL (38.403)
BROWN BROAD ONE FREE WHITE (38.403)
BROWN BROAD ONE FREE (38.403)
BROWN BROAD ONE WHITE PARTIAL (38.403)
BROWN BROAD ONE WHITE (38.403)
BROWN BROAD FREE PARTIAL WHITE (39.4011)
BROWN BROAD FREE PARTIAL (39.4011)
BROWN BROAD FREE WHITE (39.4011)
BROWN BROAD FREE (39.4011)
BROWN BROAD WHITE PARTIAL (39.5437)
BROWN BROAD WHITE (39.5437)
BROWN SMOOTH PARTIAL (47.0057)
BROWN SMOOTH (47.0057)
BROWN SMOOTH CLOSE PARTIAL (37.2386)
BROWN SMOOTH CLOSE (37.2386)
BROWN SMOOTH CLOSE ONE PARTIAL (36.4781)
BROWN SMOOTH CLOSE ONE (36.4781)
BROWN SMOOTH CLOSE ONE FREE PARTIAL WHITE (34.1968)
BROWN SMOOTH CLOSE ONE FREE PARTIAL (34.1968)
BROWN SMOOTH CLOSE ONE FREE WHITE (34.1968)
BROWN SMOOTH CLOSE ONE FREE (34.1968)
BROWN SMOOTH CLOSE ONE WHITE PARTIAL (34.1968)
BROWN SMOOTH CLOSE ONE WHITE (34.1968)
BROWN SMOOTH CLOSE FREE PARTIAL WHITE (34.9572)
BROWN SMOOTH CLOSE FREE PARTIAL (34.9572)
BROWN SMOOTH CLOSE FREE WHITE (34.9572)
BROWN SMOOTH CLOSE FREE (34.9572)
BROWN SMOOTH CLOSE WHITE PARTIAL (34.9572)
BROWN SMOOTH CLOSE WHITE (34.9572)
BROWN SMOOTH ONE PARTIAL (46.2452)
BROWN SMOOTH ONE (46.2452)
BROWN SMOOTH ONE FREE PARTIAL WHITE (43.9639)
BROWN SMOOTH ONE FREE PARTIAL (43.9639)
BROWN SMOOTH ONE FREE WHITE (43.9639)
BROWN SMOOTH ONE FREE (43.9639)
BROWN SMOOTH ONE WHITE PARTIAL (43.9639)
BROWN SMOOTH ONE WHITE (43.9639)
BROWN SMOOTH FREE PARTIAL WHITE (44.7243)
BROWN SMOOTH FREE PARTIAL (44.7243)
BROWN SMOOTH FREE WHITE (44.7243)
BROWN SMOOTH FREE (44.7243)
BROWN SMOOTH WHITE PARTIAL (44.7243)
BROWN SMOOTH WHITE (44.7243)
BROWN CLOSE PARTIAL (47.7424)
BROWN CLOSE (47.7424)
BROWN CLOSE ONE PARTIAL (46.6017)
BROWN CLOSE ONE (46.6017)
BROWN CLOSE ONE FREE PARTIAL WHITE (44.3203)
BROWN CLOSE ONE FREE PARTIAL (44.3203)
BROWN CLOSE ONE FREE WHITE (44.3203)
BROWN CLOSE ONE FREE (44.3203)
BROWN CLOSE ONE WHITE PARTIAL (44.3203)
BROWN CLOSE ONE WHITE (44.3203)
BROWN CLOSE FREE PARTIAL WHITE (45.3184)
BROWN CLOSE FREE PARTIAL (45.3184)
BROWN CLOSE FREE WHITE (45.3184)
BROWN CLOSE FREE (45.3184)
BROWN CLOSE WHITE PARTIAL (45.461)
BROWN CLOSE WHITE (45.461)
BROWN ONE PARTIAL (57.6759)
BROWN ONE (57.6759)
BROWN ONE FREE PARTIAL WHITE (55.3945)
BROWN ONE FREE PARTIAL (55.3945)
BROWN ONE FREE WHITE (55.3945)
BROWN ONE FREE (55.3945)
BROWN ONE WHITE PARTIAL (55.3945)
BROWN ONE WHITE (55.3945)
BROWN FREE PARTIAL WHITE (56.3926)
BROWN FREE PARTIAL (56.3926)
BROWN FREE WHITE (56.3926)
BROWN FREE (56.3926)
BROWN WHITE PARTIAL (56.5352)
BROWN WHITE (56.5352)
NO PARTIAL (59.8859)
NO (59.8859)
NO BROAD PARTIAL (34.0304)
NO BROAD (34.0304)
NO BROAD FREE PARTIAL WHITE (31.4639)
NO BROAD FREE PARTIAL (31.4639)
NO BROAD FREE WHITE (31.4639)
NO BROAD FREE (31.4639)
NO BROAD WHITE PARTIAL (31.749)
NO BROAD WHITE (31.749)
NO SMOOTH PARTIAL (38.6169)
NO SMOOTH (38.6169)
NO SMOOTH ONE PARTIAL (35.5276)
NO SMOOTH ONE (35.5276)
NO SMOOTH ONE FREE PARTIAL WHITE (33.2462)
NO SMOOTH ONE FREE PARTIAL (33.2462)
NO SMOOTH ONE FREE WHITE (33.2462)
NO SMOOTH ONE FREE (33.2462)
NO SMOOTH ONE WHITE PARTIAL (33.2462)
NO SMOOTH ONE WHITE (33.2462)
NO SMOOTH FREE PARTIAL WHITE (36.3356)
NO SMOOTH FREE PARTIAL (36.3356)
NO SMOOTH FREE WHITE (36.3356)
NO SMOOTH FREE (36.3356)
NO SMOOTH WHITE PARTIAL (36.3356)
NO SMOOTH WHITE (36.3356)
NO CLOSE PARTIAL (42.2053)
NO CLOSE (42.2053)
NO CLOSE ONE PARTIAL (41.4449)
NO CLOSE ONE (41.4449)
NO CLOSE ONE FREE PARTIAL WHITE (39.1635)
NO CLOSE ONE FREE PARTIAL (39.1635)
NO CLOSE ONE FREE WHITE (39.1635)
NO CLOSE ONE FREE (39.1635)
NO CLOSE ONE WHITE PARTIAL (39.1635)
NO CLOSE ONE WHITE (39.1635)
NO CLOSE FREE PARTIAL WHITE (39.6388)
NO CLOSE FREE PARTIAL (39.6388)
NO CLOSE FREE WHITE (39.6388)
NO CLOSE FREE (39.6388)
NO CLOSE WHITE PARTIAL (39.924)
NO CLOSE WHITE (39.924)
NO ONE PARTIAL (55.7034)
NO ONE (55.7034)
NO ONE FREE PARTIAL WHITE (53.4221)
NO ONE FREE PARTIAL (53.4221)
NO ONE FREE WHITE (53.4221)
NO ONE FREE (53.4221)
NO ONE WHITE PARTIAL (53.4221)
NO ONE WHITE (53.4221)
NO FREE PARTIAL WHITE (57.3194)
NO FREE PARTIAL (57.3194)
NO FREE WHITE (57.3194)
NO FREE (57.3194)
NO WHITE PARTIAL (57.6046)
NO WHITE (57.6046)
BROAD PARTIAL (69.8669)
BROAD (69.8669)
BROAD SMOOTH PARTIAL (51.8536)
BROAD SMOOTH (51.8536)
BROAD SMOOTH CLOSE PARTIAL (38.2129)
BROAD SMOOTH CLOSE (38.2129)
BROAD SMOOTH CLOSE ONE PARTIAL (34.6008)
BROAD SMOOTH CLOSE ONE (34.6008)
BROAD SMOOTH CLOSE ONE FREE PARTIAL WHITE (32.3194)
BROAD SMOOTH CLOSE ONE FREE PARTIAL (32.3194)
BROAD SMOOTH CLOSE ONE FREE WHITE (32.3194)
BROAD SMOOTH CLOSE ONE FREE (32.3194)
BROAD SMOOTH CLOSE ONE WHITE PARTIAL (32.3194)
BROAD SMOOTH CLOSE ONE WHITE (32.3194)
BROAD SMOOTH CLOSE FREE PARTIAL WHITE (35.9316)
BROAD SMOOTH CLOSE FREE PARTIAL (35.9316)
BROAD SMOOTH CLOSE FREE WHITE (35.9316)
BROAD SMOOTH CLOSE FREE (35.9316)
BROAD SMOOTH CLOSE WHITE PARTIAL (35.9316)
BROAD SMOOTH CLOSE WHITE (35.9316)
BROAD SMOOTH ONE PARTIAL (45.2471)
BROAD SMOOTH ONE (45.2471)
BROAD SMOOTH ONE FREE PARTIAL WHITE (42.9658)
BROAD SMOOTH ONE FREE PARTIAL (42.9658)
BROAD SMOOTH ONE FREE WHITE (42.9658)
BROAD SMOOTH ONE FREE (42.9658)
BROAD SMOOTH ONE WHITE PARTIAL (42.9658)
BROAD SMOOTH ONE WHITE (42.9658)
BROAD SMOOTH FREE PARTIAL WHITE (49.5722)
BROAD SMOOTH FREE PARTIAL (49.5722)
BROAD SMOOTH FREE WHITE (49.5722)
BROAD SMOOTH FREE (49.5722)
BROAD SMOOTH WHITE PARTIAL (49.5722)
BROAD SMOOTH WHITE (49.5722)
BROAD CLOSE PARTIAL (54.2776)
BROAD CLOSE (54.2776)
BROAD CLOSE ONE PARTIAL (50)
BROAD CLOSE ONE (50)
BROAD CLOSE ONE FREE PARTIAL WHITE (47.7186)
BROAD CLOSE ONE FREE PARTIAL (47.7186)
BROAD CLOSE ONE FREE WHITE (47.7186)
BROAD CLOSE ONE FREE (47.7186)
BROAD CLOSE ONE WHITE PARTIAL (47.7186)
BROAD CLOSE ONE WHITE (47.7186)
BROAD CLOSE FREE PARTIAL WHITE (51.711)
BROAD CLOSE FREE PARTIAL (51.711)
BROAD CLOSE FREE WHITE (51.711)
BROAD CLOSE FREE (51.711)
BROAD CLOSE WHITE PARTIAL (51.9962)
BROAD CLOSE WHITE (51.9962)
BROAD ONE PARTIAL (62.1673)
BROAD ONE (62.1673)
BROAD ONE FREE PARTIAL WHITE (59.8859)
BROAD ONE FREE PARTIAL (59.8859)
BROAD ONE FREE WHITE (59.8859)
BROAD ONE FREE (59.8859)
BROAD ONE WHITE PARTIAL (59.8859)
BROAD ONE WHITE (59.8859)
BROAD FREE PARTIAL WHITE (67.3004)
BROAD FREE PARTIAL (67.3004)
BROAD FREE WHITE (67.3004)
BROAD FREE (67.3004)
BROAD WHITE PARTIAL (67.5856)
BROAD WHITE (67.5856)
SMOOTH PARTIAL (78.731)
SMOOTH (78.731)
SMOOTH CLOSE PARTIAL (62.0722)
SMOOTH CLOSE (62.0722)
SMOOTH CLOSE ONE PARTIAL (58.4601)
SMOOTH CLOSE ONE (58.4601)
SMOOTH CLOSE ONE FREE PARTIAL WHITE (56.1787)
SMOOTH CLOSE ONE FREE PARTIAL (56.1787)
SMOOTH CLOSE ONE FREE WHITE (56.1787)
SMOOTH CLOSE ONE FREE (56.1787)
SMOOTH CLOSE ONE WHITE PARTIAL (56.1787)
SMOOTH CLOSE ONE WHITE (56.1787)
SMOOTH CLOSE FREE PARTIAL WHITE (59.7909)
SMOOTH CLOSE FREE PARTIAL (59.7909)
SMOOTH CLOSE FREE WHITE (59.7909)
SMOOTH CLOSE FREE (59.7909)
SMOOTH CLOSE WHITE PARTIAL (59.7909)
SMOOTH CLOSE WHITE (59.7909)
SMOOTH ONE PARTIAL (72.1245)
SMOOTH ONE (72.1245)
SMOOTH ONE FREE PARTIAL WHITE (69.8432)
SMOOTH ONE FREE PARTIAL (69.8432)
SMOOTH ONE FREE WHITE (69.8432)
SMOOTH ONE FREE (69.8432)
SMOOTH ONE WHITE PARTIAL (69.8432)
SMOOTH ONE WHITE (69.8432)
SMOOTH FREE PARTIAL WHITE (76.4496)
SMOOTH FREE PARTIAL (76.4496)
SMOOTH FREE WHITE (76.4496)
SMOOTH FREE (76.4496)
SMOOTH WHITE PARTIAL (76.4496)
SMOOTH WHITE (76.4496)
CLOSE PARTIAL (81.0837)
CLOSE (81.0837)
CLOSE ONE PARTIAL (76.8061)
CLOSE ONE (76.8061)
CLOSE ONE FREE PARTIAL WHITE (74.5247)
CLOSE ONE FREE PARTIAL (74.5247)
CLOSE ONE FREE WHITE (74.5247)
CLOSE ONE FREE (74.5247)
CLOSE ONE WHITE PARTIAL (74.5247)
CLOSE ONE WHITE (74.5247)
CLOSE FREE PARTIAL WHITE (78.5171)
CLOSE FREE PARTIAL (78.5171)
CLOSE FREE WHITE (78.5171)
CLOSE FREE (78.5171)
CLOSE WHITE PARTIAL (78.8023)
CLOSE WHITE (78.8023)
ONE PARTIAL (92.3004)
ONE (92.3004)
ONE FREE PARTIAL WHITE (90.019)
ONE FREE PARTIAL (90.019)
ONE FREE WHITE (90.019)
ONE FREE (90.019)
ONE WHITE PARTIAL (90.019)
ONE WHITE (90.019)
FREE PARTIAL WHITE (97.4335)
FREE PARTIAL (97.4335)
FREE WHITE (97.4335)
FREE (97.4335)
WHITE PARTIAL (97.7186)
WHITE (97.7186)
